<?xml version="1.0" encoding="utf-8"?>
<CoverageSession xmlns:xsd="http://www.w3.org/2001/XMLSchema" xmlns:xsi="http://www.w3.org/2001/XMLSchema-instance" Version="4.6.0.0">
  <Summary numSequencePoints="1334" visitedSequencePoints="12" numBranchPoints="460" visitedBranchPoints="5" sequenceCoverage="0.90" branchCoverage="1.09" maxCyclomaticComplexity="12" minCyclomaticComplexity="1" maxCrapScore="156" minCrapScore="1" visitedClasses="4" numClasses="62" visitedMethods="4" numMethods="266" />
  <Modules>
    <Module hash="CB-F1-D0-5B-BB-51-1E-E3-A6-C0-C0-9D-58-EA-DA-7F-48-E4-F4-58">
      <Summary numSequencePoints="271" visitedSequencePoints="7" numBranchPoints="60" visitedBranchPoints="3" sequenceCoverage="2.58" branchCoverage="5" maxCyclomaticComplexity="2" minCyclomaticComplexity="1" maxCrapScore="6" minCrapScore="1" visitedClasses="3" numClasses="14" visitedMethods="3" numMethods="60" />
      <ModulePath>D:\svn\SqlBuilder\SqlBuilder.UnitTest\bin\Debug\SqlBuilder.UnitTest.dll</ModulePath>
      <ModuleTime>2019-02-13T08:21:54.3170399Z</ModuleTime>
      <ModuleName>SqlBuilder.UnitTest</ModuleName>
      <Files>
        <File uid="1" fullPath="D:\svn\SqlBuilder\SqlBuilder.UnitTest\AssertExtensions.cs" />
        <File uid="2" fullPath="D:\svn\SqlBuilder\SqlBuilder.UnitTest\DeleteTests.cs" />
        <File uid="4" fullPath="D:\svn\SqlBuilder\SqlBuilder.UnitTest\GroupByTests.cs" />
        <File uid="5" fullPath="D:\svn\SqlBuilder\SqlBuilder.UnitTest\InsertTests.cs" />
        <File uid="8" fullPath="D:\svn\SqlBuilder\SqlBuilder.UnitTest\ModelDefinitionTests.cs" />
        <File uid="10" fullPath="D:\svn\SqlBuilder\SqlBuilder.UnitTest\OptionsTests.cs" />
        <File uid="11" fullPath="D:\svn\SqlBuilder\SqlBuilder.UnitTest\OrderByTests.cs" />
        <File uid="12" fullPath="D:\svn\SqlBuilder\SqlBuilder.UnitTest\PagingTests.cs" />
        <File uid="13" fullPath="D:\svn\SqlBuilder\SqlBuilder.UnitTest\SelectTests.cs" />
        <File uid="16" fullPath="D:\svn\SqlBuilder\SqlBuilder.UnitTest\UpdateTests.cs" />
        <File uid="18" fullPath="D:\svn\SqlBuilder\SqlBuilder.UnitTest\WhereTests.cs" />
        <File uid="19" fullPath="D:\svn\SqlBuilder\SqlBuilder.UnitTest\Extensions\ReflectionExtensionsTests.cs" />
      </Files>
      <Classes>
        <Class>
          <Summary numSequencePoints="46" visitedSequencePoints="3" numBranchPoints="13" visitedBranchPoints="1" sequenceCoverage="6.52" branchCoverage="7.69" maxCyclomaticComplexity="1" minCyclomaticComplexity="1" maxCrapScore="2" minCrapScore="1" visitedClasses="1" numClasses="1" visitedMethods="1" numMethods="13" />
          <FullName>SqlBuilder.UnitTest.AssertExtensions</FullName>
          <Methods>
            <Method visited="false" cyclomaticComplexity="1" nPathComplexity="0" sequenceCoverage="0" branchCoverage="0" crapScore="2" isConstructor="false" isStatic="true" isGetter="false" isSetter="false">
              <Summary numSequencePoints="2" visitedSequencePoints="0" numBranchPoints="1" visitedBranchPoints="0" sequenceCoverage="0" branchCoverage="0" maxCyclomaticComplexity="1" minCyclomaticComplexity="1" maxCrapScore="2" minCrapScore="2" visitedClasses="0" numClasses="0" visitedMethods="0" numMethods="1" />
              <MetadataToken>100663297</MetadataToken>
              <Name>System.Void SqlBuilder.UnitTest.AssertExtensions::Fail(System.String)</Name>
              <FileRef uid="1" />
              <SequencePoints>
                <SequencePoint vc="0" uspid="1" ordinal="0" offset="0" sl="11" sc="5" el="11" ec="6" bec="0" bev="0" fileid="1" />
                <SequencePoint vc="0" uspid="2" ordinal="1" offset="1" sl="12" sc="7" el="12" ec="60" bec="0" bev="0" fileid="1" />
              </SequencePoints>
              <BranchPoints />
              <MethodPoint xsi:type="SequencePoint" vc="0" uspid="1" ordinal="0" offset="0" sl="11" sc="5" el="11" ec="6" bec="0" bev="0" fileid="1" />
            </Method>
            <Method visited="false" cyclomaticComplexity="1" nPathComplexity="0" sequenceCoverage="0" branchCoverage="0" crapScore="2" isConstructor="false" isStatic="true" isGetter="false" isSetter="false">
              <Summary numSequencePoints="3" visitedSequencePoints="0" numBranchPoints="1" visitedBranchPoints="0" sequenceCoverage="0" branchCoverage="0" maxCyclomaticComplexity="1" minCyclomaticComplexity="1" maxCrapScore="2" minCrapScore="2" visitedClasses="0" numClasses="0" visitedMethods="0" numMethods="1" />
              <MetadataToken>100663298</MetadataToken>
              <Name>System.Void SqlBuilder.UnitTest.AssertExtensions::MustEqual(T,T)</Name>
              <FileRef uid="1" />
              <SequencePoints>
                <SequencePoint vc="0" uspid="3" ordinal="0" offset="0" sl="16" sc="5" el="16" ec="6" bec="0" bev="0" fileid="1" />
                <SequencePoint vc="0" uspid="4" ordinal="1" offset="1" sl="17" sc="7" el="17" ec="41" bec="0" bev="0" fileid="1" />
                <SequencePoint vc="0" uspid="5" ordinal="2" offset="9" sl="18" sc="5" el="18" ec="6" bec="0" bev="0" fileid="1" />
              </SequencePoints>
              <BranchPoints />
              <MethodPoint xsi:type="SequencePoint" vc="0" uspid="3" ordinal="0" offset="0" sl="16" sc="5" el="16" ec="6" bec="0" bev="0" fileid="1" />
            </Method>
            <Method visited="false" cyclomaticComplexity="1" nPathComplexity="0" sequenceCoverage="0" branchCoverage="0" crapScore="2" isConstructor="false" isStatic="true" isGetter="false" isSetter="false">
              <Summary numSequencePoints="3" visitedSequencePoints="0" numBranchPoints="1" visitedBranchPoints="0" sequenceCoverage="0" branchCoverage="0" maxCyclomaticComplexity="1" minCyclomaticComplexity="1" maxCrapScore="2" minCrapScore="2" visitedClasses="0" numClasses="0" visitedMethods="0" numMethods="1" />
              <MetadataToken>100663299</MetadataToken>
              <Name>System.Void SqlBuilder.UnitTest.AssertExtensions::MustNotBeNull(System.Object)</Name>
              <FileRef uid="1" />
              <SequencePoints>
                <SequencePoint vc="0" uspid="6" ordinal="0" offset="0" sl="21" sc="5" el="21" ec="6" bec="0" bev="0" fileid="1" />
                <SequencePoint vc="0" uspid="7" ordinal="1" offset="1" sl="22" sc="7" el="22" ec="32" bec="0" bev="0" fileid="1" />
                <SequencePoint vc="0" uspid="8" ordinal="2" offset="8" sl="23" sc="5" el="23" ec="6" bec="0" bev="0" fileid="1" />
              </SequencePoints>
              <BranchPoints />
              <MethodPoint xsi:type="SequencePoint" vc="0" uspid="6" ordinal="0" offset="0" sl="21" sc="5" el="21" ec="6" bec="0" bev="0" fileid="1" />
            </Method>
            <Method visited="false" cyclomaticComplexity="1" nPathComplexity="0" sequenceCoverage="0" branchCoverage="0" crapScore="2" isConstructor="false" isStatic="true" isGetter="false" isSetter="false">
              <Summary numSequencePoints="3" visitedSequencePoints="0" numBranchPoints="1" visitedBranchPoints="0" sequenceCoverage="0" branchCoverage="0" maxCyclomaticComplexity="1" minCyclomaticComplexity="1" maxCrapScore="2" minCrapScore="2" visitedClasses="0" numClasses="0" visitedMethods="0" numMethods="1" />
              <MetadataToken>100663300</MetadataToken>
              <Name>System.Void SqlBuilder.UnitTest.AssertExtensions::MustBeLike(System.String,System.String)</Name>
              <FileRef uid="1" />
              <SequencePoints>
                <SequencePoint vc="0" uspid="9" ordinal="0" offset="0" sl="26" sc="5" el="26" ec="6" bec="0" bev="0" fileid="1" />
                <SequencePoint vc="0" uspid="10" ordinal="1" offset="1" sl="27" sc="7" el="27" ec="91" bec="0" bev="0" fileid="1" />
                <SequencePoint vc="0" uspid="11" ordinal="2" offset="15" sl="28" sc="5" el="28" ec="6" bec="0" bev="0" fileid="1" />
              </SequencePoints>
              <BranchPoints />
              <MethodPoint xsi:type="SequencePoint" vc="0" uspid="9" ordinal="0" offset="0" sl="26" sc="5" el="26" ec="6" bec="0" bev="0" fileid="1" />
            </Method>
            <Method visited="false" cyclomaticComplexity="1" nPathComplexity="0" sequenceCoverage="0" branchCoverage="0" crapScore="2" isConstructor="false" isStatic="true" isGetter="false" isSetter="false">
              <Summary numSequencePoints="3" visitedSequencePoints="0" numBranchPoints="1" visitedBranchPoints="0" sequenceCoverage="0" branchCoverage="0" maxCyclomaticComplexity="1" minCyclomaticComplexity="1" maxCrapScore="2" minCrapScore="2" visitedClasses="0" numClasses="0" visitedMethods="0" numMethods="1" />
              <MetadataToken>100663301</MetadataToken>
              <Name>System.Void SqlBuilder.UnitTest.AssertExtensions::MustNotBeLike(System.String,System.String)</Name>
              <FileRef uid="1" />
              <SequencePoints>
                <SequencePoint vc="0" uspid="12" ordinal="0" offset="0" sl="31" sc="5" el="31" ec="6" bec="0" bev="0" fileid="1" />
                <SequencePoint vc="0" uspid="13" ordinal="1" offset="1" sl="32" sc="7" el="32" ec="91" bec="0" bev="0" fileid="1" />
                <SequencePoint vc="0" uspid="14" ordinal="2" offset="15" sl="33" sc="5" el="33" ec="6" bec="0" bev="0" fileid="1" />
              </SequencePoints>
              <BranchPoints />
              <MethodPoint xsi:type="SequencePoint" vc="0" uspid="12" ordinal="0" offset="0" sl="31" sc="5" el="31" ec="6" bec="0" bev="0" fileid="1" />
            </Method>
            <Method visited="false" cyclomaticComplexity="1" nPathComplexity="0" sequenceCoverage="0" branchCoverage="0" crapScore="2" isConstructor="false" isStatic="true" isGetter="false" isSetter="false">
              <Summary numSequencePoints="3" visitedSequencePoints="0" numBranchPoints="1" visitedBranchPoints="0" sequenceCoverage="0" branchCoverage="0" maxCyclomaticComplexity="1" minCyclomaticComplexity="1" maxCrapScore="2" minCrapScore="2" visitedClasses="0" numClasses="0" visitedMethods="0" numMethods="1" />
              <MetadataToken>100663302</MetadataToken>
              <Name>System.Void SqlBuilder.UnitTest.AssertExtensions::MustBeNull(System.Object)</Name>
              <FileRef uid="1" />
              <SequencePoints>
                <SequencePoint vc="0" uspid="15" ordinal="0" offset="0" sl="36" sc="5" el="36" ec="6" bec="0" bev="0" fileid="1" />
                <SequencePoint vc="0" uspid="16" ordinal="1" offset="1" sl="37" sc="7" el="37" ec="29" bec="0" bev="0" fileid="1" />
                <SequencePoint vc="0" uspid="17" ordinal="2" offset="8" sl="38" sc="5" el="38" ec="6" bec="0" bev="0" fileid="1" />
              </SequencePoints>
              <BranchPoints />
              <MethodPoint xsi:type="SequencePoint" vc="0" uspid="15" ordinal="0" offset="0" sl="36" sc="5" el="36" ec="6" bec="0" bev="0" fileid="1" />
            </Method>
            <Method visited="false" cyclomaticComplexity="1" nPathComplexity="0" sequenceCoverage="0" branchCoverage="0" crapScore="2" isConstructor="false" isStatic="true" isGetter="false" isSetter="false">
              <Summary numSequencePoints="3" visitedSequencePoints="0" numBranchPoints="1" visitedBranchPoints="0" sequenceCoverage="0" branchCoverage="0" maxCyclomaticComplexity="1" minCyclomaticComplexity="1" maxCrapScore="2" minCrapScore="2" visitedClasses="0" numClasses="0" visitedMethods="0" numMethods="1" />
              <MetadataToken>100663303</MetadataToken>
              <Name>System.Void SqlBuilder.UnitTest.AssertExtensions::MustContain(System.Collections.Generic.IEnumerable`1&lt;T&gt;,T[])</Name>
              <FileRef uid="1" />
              <SequencePoints>
                <SequencePoint vc="0" uspid="18" ordinal="0" offset="0" sl="41" sc="5" el="41" ec="6" bec="0" bev="0" fileid="1" />
                <SequencePoint vc="0" uspid="19" ordinal="1" offset="1" sl="42" sc="7" el="42" ec="53" bec="0" bev="0" fileid="1" />
                <SequencePoint vc="0" uspid="20" ordinal="2" offset="19" sl="43" sc="5" el="43" ec="6" bec="0" bev="0" fileid="1" />
              </SequencePoints>
              <BranchPoints />
              <MethodPoint xsi:type="SequencePoint" vc="0" uspid="18" ordinal="0" offset="0" sl="41" sc="5" el="41" ec="6" bec="0" bev="0" fileid="1" />
            </Method>
            <Method visited="false" cyclomaticComplexity="1" nPathComplexity="0" sequenceCoverage="0" branchCoverage="0" crapScore="2" isConstructor="false" isStatic="true" isGetter="false" isSetter="false">
              <Summary numSequencePoints="3" visitedSequencePoints="0" numBranchPoints="1" visitedBranchPoints="0" sequenceCoverage="0" branchCoverage="0" maxCyclomaticComplexity="1" minCyclomaticComplexity="1" maxCrapScore="2" minCrapScore="2" visitedClasses="0" numClasses="0" visitedMethods="0" numMethods="1" />
              <MetadataToken>100663304</MetadataToken>
              <Name>System.Void SqlBuilder.UnitTest.AssertExtensions::MustNotContain(System.Collections.Generic.IEnumerable`1&lt;T&gt;,T[])</Name>
              <FileRef uid="1" />
              <SequencePoints>
                <SequencePoint vc="0" uspid="21" ordinal="0" offset="0" sl="46" sc="5" el="46" ec="6" bec="0" bev="0" fileid="1" />
                <SequencePoint vc="0" uspid="22" ordinal="1" offset="1" sl="47" sc="7" el="47" ec="56" bec="0" bev="0" fileid="1" />
                <SequencePoint vc="0" uspid="23" ordinal="2" offset="19" sl="48" sc="5" el="48" ec="6" bec="0" bev="0" fileid="1" />
              </SequencePoints>
              <BranchPoints />
              <MethodPoint xsi:type="SequencePoint" vc="0" uspid="21" ordinal="0" offset="0" sl="46" sc="5" el="46" ec="6" bec="0" bev="0" fileid="1" />
            </Method>
            <Method visited="true" cyclomaticComplexity="1" nPathComplexity="0" sequenceCoverage="100" branchCoverage="100" crapScore="1" isConstructor="false" isStatic="true" isGetter="false" isSetter="false">
              <Summary numSequencePoints="3" visitedSequencePoints="3" numBranchPoints="1" visitedBranchPoints="1" sequenceCoverage="100" branchCoverage="100" maxCyclomaticComplexity="1" minCyclomaticComplexity="1" maxCrapScore="1" minCrapScore="1" visitedClasses="0" numClasses="0" visitedMethods="1" numMethods="1" />
              <MetadataToken>100663305</MetadataToken>
              <Name>System.Void SqlBuilder.UnitTest.AssertExtensions::MustBeTrue(System.Boolean)</Name>
              <FileRef uid="1" />
              <SequencePoints>
                <SequencePoint vc="1" uspid="24" ordinal="0" offset="0" sl="51" sc="5" el="51" ec="6" bec="0" bev="0" fileid="1">
                  <TrackedMethodRefs>
                    <TrackedMethodRef uid="41" vc="1" />
                  </TrackedMethodRefs>
                </SequencePoint>
                <SequencePoint vc="1" uspid="25" ordinal="1" offset="1" sl="52" sc="7" el="52" ec="29" bec="0" bev="0" fileid="1">
                  <TrackedMethodRefs>
                    <TrackedMethodRef uid="41" vc="1" />
                  </TrackedMethodRefs>
                </SequencePoint>
                <SequencePoint vc="1" uspid="26" ordinal="2" offset="8" sl="53" sc="5" el="53" ec="6" bec="0" bev="0" fileid="1">
                  <TrackedMethodRefs>
                    <TrackedMethodRef uid="41" vc="1" />
                  </TrackedMethodRefs>
                </SequencePoint>
              </SequencePoints>
              <BranchPoints />
              <MethodPoint xsi:type="SequencePoint" vc="1" uspid="24" ordinal="0" offset="0" sl="51" sc="5" el="51" ec="6" bec="0" bev="0" fileid="1">
                <TrackedMethodRefs>
                  <TrackedMethodRef uid="41" vc="1" />
                </TrackedMethodRefs>
              </MethodPoint>
            </Method>
            <Method visited="false" cyclomaticComplexity="1" nPathComplexity="0" sequenceCoverage="0" branchCoverage="0" crapScore="2" isConstructor="false" isStatic="true" isGetter="false" isSetter="false">
              <Summary numSequencePoints="3" visitedSequencePoints="0" numBranchPoints="1" visitedBranchPoints="0" sequenceCoverage="0" branchCoverage="0" maxCyclomaticComplexity="1" minCyclomaticComplexity="1" maxCrapScore="2" minCrapScore="2" visitedClasses="0" numClasses="0" visitedMethods="0" numMethods="1" />
              <MetadataToken>100663306</MetadataToken>
              <Name>System.Void SqlBuilder.UnitTest.AssertExtensions::MustBeFalse(System.Boolean)</Name>
              <FileRef uid="1" />
              <SequencePoints>
                <SequencePoint vc="0" uspid="27" ordinal="0" offset="0" sl="56" sc="5" el="56" ec="6" bec="0" bev="0" fileid="1" />
                <SequencePoint vc="0" uspid="28" ordinal="1" offset="1" sl="57" sc="7" el="57" ec="30" bec="0" bev="0" fileid="1" />
                <SequencePoint vc="0" uspid="29" ordinal="2" offset="8" sl="58" sc="5" el="58" ec="6" bec="0" bev="0" fileid="1" />
              </SequencePoints>
              <BranchPoints />
              <MethodPoint xsi:type="SequencePoint" vc="0" uspid="27" ordinal="0" offset="0" sl="56" sc="5" el="56" ec="6" bec="0" bev="0" fileid="1" />
            </Method>
            <Method visited="false" cyclomaticComplexity="1" nPathComplexity="0" sequenceCoverage="0" branchCoverage="0" crapScore="2" isConstructor="false" isStatic="true" isGetter="false" isSetter="false">
              <Summary numSequencePoints="3" visitedSequencePoints="0" numBranchPoints="1" visitedBranchPoints="0" sequenceCoverage="0" branchCoverage="0" maxCyclomaticComplexity="1" minCyclomaticComplexity="1" maxCrapScore="2" minCrapScore="2" visitedClasses="0" numClasses="0" visitedMethods="0" numMethods="1" />
              <MetadataToken>100663307</MetadataToken>
              <Name>System.Void SqlBuilder.UnitTest.AssertExtensions::IsA(System.Type)</Name>
              <FileRef uid="1" />
              <SequencePoints>
                <SequencePoint vc="0" uspid="30" ordinal="0" offset="0" sl="61" sc="5" el="61" ec="6" bec="0" bev="0" fileid="1" />
                <SequencePoint vc="0" uspid="31" ordinal="1" offset="1" sl="62" sc="7" el="62" ec="55" bec="0" bev="0" fileid="1" />
                <SequencePoint vc="0" uspid="32" ordinal="2" offset="23" sl="63" sc="5" el="63" ec="6" bec="0" bev="0" fileid="1" />
              </SequencePoints>
              <BranchPoints />
              <MethodPoint xsi:type="SequencePoint" vc="0" uspid="30" ordinal="0" offset="0" sl="61" sc="5" el="61" ec="6" bec="0" bev="0" fileid="1" />
            </Method>
            <Method visited="false" cyclomaticComplexity="1" nPathComplexity="0" sequenceCoverage="0" branchCoverage="0" crapScore="2" isConstructor="false" isStatic="true" isGetter="false" isSetter="false">
              <Summary numSequencePoints="3" visitedSequencePoints="0" numBranchPoints="1" visitedBranchPoints="0" sequenceCoverage="0" branchCoverage="0" maxCyclomaticComplexity="1" minCyclomaticComplexity="1" maxCrapScore="2" minCrapScore="2" visitedClasses="0" numClasses="0" visitedMethods="0" numMethods="1" />
              <MetadataToken>100663308</MetadataToken>
              <Name>System.Void SqlBuilder.UnitTest.AssertExtensions::IsA(System.Object)</Name>
              <FileRef uid="1" />
              <SequencePoints>
                <SequencePoint vc="0" uspid="33" ordinal="0" offset="0" sl="66" sc="5" el="66" ec="6" bec="0" bev="0" fileid="1" />
                <SequencePoint vc="0" uspid="34" ordinal="1" offset="1" sl="67" sc="7" el="67" ec="29" bec="0" bev="0" fileid="1" />
                <SequencePoint vc="0" uspid="35" ordinal="2" offset="13" sl="68" sc="5" el="68" ec="6" bec="0" bev="0" fileid="1" />
              </SequencePoints>
              <BranchPoints />
              <MethodPoint xsi:type="SequencePoint" vc="0" uspid="33" ordinal="0" offset="0" sl="66" sc="5" el="66" ec="6" bec="0" bev="0" fileid="1" />
            </Method>
            <Method visited="false" cyclomaticComplexity="1" nPathComplexity="0" sequenceCoverage="0" branchCoverage="0" crapScore="2" isConstructor="false" isStatic="true" isGetter="false" isSetter="false">
              <Summary numSequencePoints="11" visitedSequencePoints="0" numBranchPoints="1" visitedBranchPoints="0" sequenceCoverage="0" branchCoverage="0" maxCyclomaticComplexity="1" minCyclomaticComplexity="1" maxCrapScore="2" minCrapScore="2" visitedClasses="0" numClasses="0" visitedMethods="0" numMethods="1" />
              <MetadataToken>100663309</MetadataToken>
              <Name>System.Void SqlBuilder.UnitTest.AssertExtensions::MustNotThrow(System.Action)</Name>
              <FileRef uid="1" />
              <SequencePoints>
                <SequencePoint vc="0" uspid="36" ordinal="0" offset="0" sl="71" sc="5" el="71" ec="6" bec="0" bev="0" fileid="1" />
                <SequencePoint vc="0" uspid="37" ordinal="1" offset="1" sl="72" sc="7" el="72" ec="34" bec="0" bev="0" fileid="1" />
                <SequencePoint vc="0" uspid="38" ordinal="2" offset="3" sl="75" sc="7" el="75" ec="8" bec="0" bev="0" fileid="1" />
                <SequencePoint vc="0" uspid="39" ordinal="3" offset="4" sl="76" sc="9" el="76" ec="18" bec="0" bev="0" fileid="1" />
                <SequencePoint vc="0" uspid="40" ordinal="4" offset="11" sl="77" sc="7" el="77" ec="8" bec="0" bev="0" fileid="1" />
                <SequencePoint vc="0" uspid="41" ordinal="5" offset="14" sl="78" sc="7" el="78" ec="26" bec="0" bev="0" fileid="1" />
                <SequencePoint vc="0" uspid="42" ordinal="6" offset="15" sl="79" sc="7" el="79" ec="8" bec="0" bev="0" fileid="1" />
                <SequencePoint vc="0" uspid="43" ordinal="7" offset="16" sl="80" sc="9" el="80" ec="23" bec="0" bev="0" fileid="1" />
                <SequencePoint vc="0" uspid="44" ordinal="8" offset="18" sl="81" sc="7" el="81" ec="8" bec="0" bev="0" fileid="1" />
                <SequencePoint vc="0" uspid="45" ordinal="9" offset="21" sl="83" sc="7" el="83" ec="30" bec="0" bev="0" fileid="1" />
                <SequencePoint vc="0" uspid="46" ordinal="10" offset="28" sl="84" sc="5" el="84" ec="6" bec="0" bev="0" fileid="1" />
              </SequencePoints>
              <BranchPoints />
              <MethodPoint xsi:type="SequencePoint" vc="0" uspid="36" ordinal="0" offset="0" sl="71" sc="5" el="71" ec="6" bec="0" bev="0" fileid="1" />
            </Method>
          </Methods>
        </Class>
        <Class>
          <Summary numSequencePoints="6" visitedSequencePoints="0" numBranchPoints="1" visitedBranchPoints="0" sequenceCoverage="0" branchCoverage="0" maxCyclomaticComplexity="1" minCyclomaticComplexity="1" maxCrapScore="2" minCrapScore="2" visitedClasses="0" numClasses="1" visitedMethods="0" numMethods="1" />
          <FullName>SqlBuilder.UnitTest.DeleteTests</FullName>
          <Methods>
            <Method visited="false" cyclomaticComplexity="1" nPathComplexity="0" sequenceCoverage="0" branchCoverage="0" crapScore="2" isConstructor="false" isStatic="false" isGetter="false" isSetter="false">
              <Summary numSequencePoints="6" visitedSequencePoints="0" numBranchPoints="1" visitedBranchPoints="0" sequenceCoverage="0" branchCoverage="0" maxCyclomaticComplexity="1" minCyclomaticComplexity="1" maxCrapScore="2" minCrapScore="2" visitedClasses="0" numClasses="0" visitedMethods="0" numMethods="1" />
              <MetadataToken>100663310</MetadataToken>
              <Name>System.Void SqlBuilder.UnitTest.DeleteTests::delete_creates_sql()</Name>
              <FileRef uid="2" />
              <SequencePoints>
                <SequencePoint vc="0" uspid="47" ordinal="0" offset="0" sl="11" sc="5" el="11" ec="6" bec="0" bev="0" fileid="2" />
                <SequencePoint vc="0" uspid="48" ordinal="1" offset="1" sl="12" sc="7" el="12" ec="59" bec="0" bev="0" fileid="2" />
                <SequencePoint vc="0" uspid="49" ordinal="2" offset="13" sl="14" sc="7" el="14" ec="72" bec="0" bev="0" fileid="2" />
                <SequencePoint vc="0" uspid="50" ordinal="3" offset="30" sl="15" sc="7" el="15" ec="44" bec="0" bev="0" fileid="2" />
                <SequencePoint vc="0" uspid="51" ordinal="4" offset="48" sl="16" sc="7" el="16" ec="44" bec="0" bev="0" fileid="2" />
                <SequencePoint vc="0" uspid="52" ordinal="5" offset="76" sl="17" sc="5" el="17" ec="6" bec="0" bev="0" fileid="2" />
              </SequencePoints>
              <BranchPoints />
              <MethodPoint xsi:type="SequencePoint" vc="0" uspid="47" ordinal="0" offset="0" sl="11" sc="5" el="11" ec="6" bec="0" bev="0" fileid="2" />
            </Method>
            <Method visited="false" cyclomaticComplexity="1" nPathComplexity="0" sequenceCoverage="0" branchCoverage="0" crapScore="2" isConstructor="true" isStatic="false" isGetter="false" isSetter="false">
              <Summary numSequencePoints="0" visitedSequencePoints="0" numBranchPoints="0" visitedBranchPoints="0" sequenceCoverage="0" branchCoverage="0" maxCyclomaticComplexity="1" minCyclomaticComplexity="1" maxCrapScore="2" minCrapScore="2" visitedClasses="0" numClasses="0" visitedMethods="0" numMethods="0" />
              <MetadataToken>100663311</MetadataToken>
              <Name>System.Void SqlBuilder.UnitTest.DeleteTests::.ctor()</Name>
              <SequencePoints />
              <BranchPoints />
              <MethodPoint vc="0" uspid="53" ordinal="0" offset="0" />
            </Method>
          </Methods>
        </Class>
        <Class>
          <Summary numSequencePoints="0" visitedSequencePoints="0" numBranchPoints="0" visitedBranchPoints="0" sequenceCoverage="0" branchCoverage="0" maxCyclomaticComplexity="1" minCyclomaticComplexity="1" maxCrapScore="2" minCrapScore="2" visitedClasses="0" numClasses="0" visitedMethods="0" numMethods="0" />
          <FullName>SqlBuilder.UnitTest.DeleteTests/TestModel</FullName>
          <Methods>
            <Method skippedDueTo="AutoImplementedProperty" visited="false" cyclomaticComplexity="1" nPathComplexity="0" sequenceCoverage="0" branchCoverage="0" crapScore="0" isConstructor="false" isStatic="false" isGetter="true" isSetter="false">
              <MetadataToken>100663364</MetadataToken>
              <Name>System.Int32 SqlBuilder.UnitTest.DeleteTests/TestModel::get_Id()</Name>
              <FileRef uid="2" />
              <SequencePoints />
              <BranchPoints />
            </Method>
            <Method skippedDueTo="AutoImplementedProperty" visited="false" cyclomaticComplexity="1" nPathComplexity="0" sequenceCoverage="0" branchCoverage="0" crapScore="0" isConstructor="false" isStatic="false" isGetter="false" isSetter="true">
              <MetadataToken>100663365</MetadataToken>
              <Name>System.Void SqlBuilder.UnitTest.DeleteTests/TestModel::set_Id(System.Int32)</Name>
              <FileRef uid="2" />
              <SequencePoints />
              <BranchPoints />
            </Method>
            <Method visited="false" cyclomaticComplexity="1" nPathComplexity="0" sequenceCoverage="0" branchCoverage="0" crapScore="2" isConstructor="true" isStatic="false" isGetter="false" isSetter="false">
              <Summary numSequencePoints="0" visitedSequencePoints="0" numBranchPoints="0" visitedBranchPoints="0" sequenceCoverage="0" branchCoverage="0" maxCyclomaticComplexity="1" minCyclomaticComplexity="1" maxCrapScore="2" minCrapScore="2" visitedClasses="0" numClasses="0" visitedMethods="0" numMethods="0" />
              <MetadataToken>100663366</MetadataToken>
              <Name>System.Void SqlBuilder.UnitTest.DeleteTests/TestModel::.ctor()</Name>
              <SequencePoints />
              <BranchPoints />
              <MethodPoint vc="0" uspid="54" ordinal="0" offset="0" />
            </Method>
          </Methods>
        </Class>
        <Class>
          <Summary numSequencePoints="3" visitedSequencePoints="0" numBranchPoints="1" visitedBranchPoints="0" sequenceCoverage="0" branchCoverage="0" maxCyclomaticComplexity="1" minCyclomaticComplexity="1" maxCrapScore="2" minCrapScore="2" visitedClasses="0" numClasses="1" visitedMethods="0" numMethods="1" />
          <FullName>SqlBuilder.UnitTest.GroupByTests</FullName>
          <Methods>
            <Method visited="false" cyclomaticComplexity="1" nPathComplexity="0" sequenceCoverage="0" branchCoverage="0" crapScore="2" isConstructor="false" isStatic="false" isGetter="false" isSetter="false">
              <Summary numSequencePoints="3" visitedSequencePoints="0" numBranchPoints="1" visitedBranchPoints="0" sequenceCoverage="0" branchCoverage="0" maxCyclomaticComplexity="1" minCyclomaticComplexity="1" maxCrapScore="2" minCrapScore="2" visitedClasses="0" numClasses="0" visitedMethods="0" numMethods="1" />
              <MetadataToken>100663312</MetadataToken>
              <Name>System.Void SqlBuilder.UnitTest.GroupByTests::returns_sql()</Name>
              <FileRef uid="4" />
              <SequencePoints>
                <SequencePoint vc="0" uspid="55" ordinal="0" offset="0" sl="10" sc="5" el="10" ec="6" bec="0" bev="0" fileid="4" />
                <SequencePoint vc="0" uspid="56" ordinal="1" offset="1" sl="11" sc="7" el="11" ec="58" bec="0" bev="0" fileid="4" />
                <SequencePoint vc="0" uspid="57" ordinal="2" offset="27" sl="12" sc="5" el="12" ec="6" bec="0" bev="0" fileid="4" />
              </SequencePoints>
              <BranchPoints />
              <MethodPoint xsi:type="SequencePoint" vc="0" uspid="55" ordinal="0" offset="0" sl="10" sc="5" el="10" ec="6" bec="0" bev="0" fileid="4" />
            </Method>
            <Method visited="false" cyclomaticComplexity="1" nPathComplexity="0" sequenceCoverage="0" branchCoverage="0" crapScore="2" isConstructor="true" isStatic="false" isGetter="false" isSetter="false">
              <Summary numSequencePoints="0" visitedSequencePoints="0" numBranchPoints="0" visitedBranchPoints="0" sequenceCoverage="0" branchCoverage="0" maxCyclomaticComplexity="1" minCyclomaticComplexity="1" maxCrapScore="2" minCrapScore="2" visitedClasses="0" numClasses="0" visitedMethods="0" numMethods="0" />
              <MetadataToken>100663313</MetadataToken>
              <Name>System.Void SqlBuilder.UnitTest.GroupByTests::.ctor()</Name>
              <SequencePoints />
              <BranchPoints />
              <MethodPoint vc="0" uspid="58" ordinal="0" offset="0" />
            </Method>
          </Methods>
        </Class>
        <Class>
          <Summary numSequencePoints="22" visitedSequencePoints="0" numBranchPoints="3" visitedBranchPoints="0" sequenceCoverage="0" branchCoverage="0" maxCyclomaticComplexity="1" minCyclomaticComplexity="1" maxCrapScore="2" minCrapScore="2" visitedClasses="0" numClasses="1" visitedMethods="0" numMethods="3" />
          <FullName>SqlBuilder.UnitTest.InsertTests</FullName>
          <Methods>
            <Method visited="false" cyclomaticComplexity="1" nPathComplexity="0" sequenceCoverage="0" branchCoverage="0" crapScore="2" isConstructor="false" isStatic="false" isGetter="false" isSetter="false">
              <Summary numSequencePoints="8" visitedSequencePoints="0" numBranchPoints="1" visitedBranchPoints="0" sequenceCoverage="0" branchCoverage="0" maxCyclomaticComplexity="1" minCyclomaticComplexity="1" maxCrapScore="2" minCrapScore="2" visitedClasses="0" numClasses="0" visitedMethods="0" numMethods="1" />
              <MetadataToken>100663314</MetadataToken>
              <Name>System.Void SqlBuilder.UnitTest.InsertTests::insert_creates_sql()</Name>
              <FileRef uid="5" />
              <SequencePoints>
                <SequencePoint vc="0" uspid="59" ordinal="0" offset="0" sl="11" sc="5" el="11" ec="6" bec="0" bev="0" fileid="5" />
                <SequencePoint vc="0" uspid="60" ordinal="1" offset="1" sl="12" sc="7" el="16" ec="9" bec="0" bev="0" fileid="5" />
                <SequencePoint vc="0" uspid="61" ordinal="2" offset="27" sl="17" sc="7" el="17" ec="83" bec="0" bev="0" fileid="5" />
                <SequencePoint vc="0" uspid="62" ordinal="3" offset="35" sl="19" sc="7" el="19" ec="97" bec="0" bev="0" fileid="5" />
                <SequencePoint vc="0" uspid="63" ordinal="4" offset="52" sl="20" sc="7" el="20" ec="44" bec="0" bev="0" fileid="5" />
                <SequencePoint vc="0" uspid="64" ordinal="5" offset="70" sl="21" sc="7" el="21" ec="44" bec="0" bev="0" fileid="5" />
                <SequencePoint vc="0" uspid="65" ordinal="6" offset="98" sl="22" sc="7" el="22" ec="52" bec="0" bev="0" fileid="5" />
                <SequencePoint vc="0" uspid="66" ordinal="7" offset="125" sl="23" sc="5" el="23" ec="6" bec="0" bev="0" fileid="5" />
              </SequencePoints>
              <BranchPoints />
              <MethodPoint xsi:type="SequencePoint" vc="0" uspid="59" ordinal="0" offset="0" sl="11" sc="5" el="11" ec="6" bec="0" bev="0" fileid="5" />
            </Method>
            <Method visited="false" cyclomaticComplexity="1" nPathComplexity="0" sequenceCoverage="0" branchCoverage="0" crapScore="2" isConstructor="false" isStatic="false" isGetter="false" isSetter="false">
              <Summary numSequencePoints="7" visitedSequencePoints="0" numBranchPoints="1" visitedBranchPoints="0" sequenceCoverage="0" branchCoverage="0" maxCyclomaticComplexity="1" minCyclomaticComplexity="1" maxCrapScore="2" minCrapScore="2" visitedClasses="0" numClasses="0" visitedMethods="0" numMethods="1" />
              <MetadataToken>100663315</MetadataToken>
              <Name>System.Void SqlBuilder.UnitTest.InsertTests::insert_ignores_key()</Name>
              <FileRef uid="5" />
              <SequencePoints>
                <SequencePoint vc="0" uspid="67" ordinal="0" offset="0" sl="27" sc="5" el="27" ec="6" bec="0" bev="0" fileid="5" />
                <SequencePoint vc="0" uspid="68" ordinal="1" offset="1" sl="28" sc="7" el="32" ec="9" bec="0" bev="0" fileid="5" />
                <SequencePoint vc="0" uspid="69" ordinal="2" offset="27" sl="33" sc="7" el="33" ec="67" bec="0" bev="0" fileid="5" />
                <SequencePoint vc="0" uspid="70" ordinal="3" offset="35" sl="35" sc="7" el="35" ec="82" bec="0" bev="0" fileid="5" />
                <SequencePoint vc="0" uspid="71" ordinal="4" offset="52" sl="36" sc="7" el="36" ec="44" bec="0" bev="0" fileid="5" />
                <SequencePoint vc="0" uspid="72" ordinal="5" offset="70" sl="37" sc="7" el="37" ec="52" bec="0" bev="0" fileid="5" />
                <SequencePoint vc="0" uspid="73" ordinal="6" offset="97" sl="38" sc="5" el="38" ec="6" bec="0" bev="0" fileid="5" />
              </SequencePoints>
              <BranchPoints />
              <MethodPoint xsi:type="SequencePoint" vc="0" uspid="67" ordinal="0" offset="0" sl="27" sc="5" el="27" ec="6" bec="0" bev="0" fileid="5" />
            </Method>
            <Method visited="false" cyclomaticComplexity="1" nPathComplexity="0" sequenceCoverage="0" branchCoverage="0" crapScore="2" isConstructor="false" isStatic="false" isGetter="false" isSetter="false">
              <Summary numSequencePoints="7" visitedSequencePoints="0" numBranchPoints="1" visitedBranchPoints="0" sequenceCoverage="0" branchCoverage="0" maxCyclomaticComplexity="1" minCyclomaticComplexity="1" maxCrapScore="2" minCrapScore="2" visitedClasses="0" numClasses="0" visitedMethods="0" numMethods="1" />
              <MetadataToken>100663316</MetadataToken>
              <Name>System.Void SqlBuilder.UnitTest.InsertTests::insert_outputs_key()</Name>
              <FileRef uid="5" />
              <SequencePoints>
                <SequencePoint vc="0" uspid="74" ordinal="0" offset="0" sl="42" sc="5" el="42" ec="6" bec="0" bev="0" fileid="5" />
                <SequencePoint vc="0" uspid="75" ordinal="1" offset="1" sl="43" sc="7" el="47" ec="9" bec="0" bev="0" fileid="5" />
                <SequencePoint vc="0" uspid="76" ordinal="2" offset="27" sl="48" sc="7" el="48" ec="73" bec="0" bev="0" fileid="5" />
                <SequencePoint vc="0" uspid="77" ordinal="3" offset="35" sl="50" sc="7" el="50" ec="171" bec="0" bev="0" fileid="5" />
                <SequencePoint vc="0" uspid="78" ordinal="4" offset="52" sl="51" sc="7" el="51" ec="44" bec="0" bev="0" fileid="5" />
                <SequencePoint vc="0" uspid="79" ordinal="5" offset="70" sl="52" sc="7" el="52" ec="52" bec="0" bev="0" fileid="5" />
                <SequencePoint vc="0" uspid="80" ordinal="6" offset="97" sl="53" sc="5" el="53" ec="6" bec="0" bev="0" fileid="5" />
              </SequencePoints>
              <BranchPoints />
              <MethodPoint xsi:type="SequencePoint" vc="0" uspid="74" ordinal="0" offset="0" sl="42" sc="5" el="42" ec="6" bec="0" bev="0" fileid="5" />
            </Method>
            <Method visited="false" cyclomaticComplexity="1" nPathComplexity="0" sequenceCoverage="0" branchCoverage="0" crapScore="2" isConstructor="true" isStatic="false" isGetter="false" isSetter="false">
              <Summary numSequencePoints="0" visitedSequencePoints="0" numBranchPoints="0" visitedBranchPoints="0" sequenceCoverage="0" branchCoverage="0" maxCyclomaticComplexity="1" minCyclomaticComplexity="1" maxCrapScore="2" minCrapScore="2" visitedClasses="0" numClasses="0" visitedMethods="0" numMethods="0" />
              <MetadataToken>100663317</MetadataToken>
              <Name>System.Void SqlBuilder.UnitTest.InsertTests::.ctor()</Name>
              <SequencePoints />
              <BranchPoints />
              <MethodPoint vc="0" uspid="81" ordinal="0" offset="0" />
            </Method>
          </Methods>
        </Class>
        <Class>
          <Summary numSequencePoints="0" visitedSequencePoints="0" numBranchPoints="0" visitedBranchPoints="0" sequenceCoverage="0" branchCoverage="0" maxCyclomaticComplexity="1" minCyclomaticComplexity="1" maxCrapScore="2" minCrapScore="2" visitedClasses="0" numClasses="0" visitedMethods="0" numMethods="0" />
          <FullName>SqlBuilder.UnitTest.InsertTests/TestModel</FullName>
          <Methods>
            <Method skippedDueTo="AutoImplementedProperty" visited="false" cyclomaticComplexity="1" nPathComplexity="0" sequenceCoverage="0" branchCoverage="0" crapScore="0" isConstructor="false" isStatic="false" isGetter="true" isSetter="false">
              <MetadataToken>100663367</MetadataToken>
              <Name>System.Int32 SqlBuilder.UnitTest.InsertTests/TestModel::get_Id()</Name>
              <FileRef uid="5" />
              <SequencePoints />
              <BranchPoints />
            </Method>
            <Method skippedDueTo="AutoImplementedProperty" visited="false" cyclomaticComplexity="1" nPathComplexity="0" sequenceCoverage="0" branchCoverage="0" crapScore="0" isConstructor="false" isStatic="false" isGetter="false" isSetter="true">
              <MetadataToken>100663368</MetadataToken>
              <Name>System.Void SqlBuilder.UnitTest.InsertTests/TestModel::set_Id(System.Int32)</Name>
              <FileRef uid="5" />
              <SequencePoints />
              <BranchPoints />
            </Method>
            <Method skippedDueTo="AutoImplementedProperty" visited="false" cyclomaticComplexity="1" nPathComplexity="0" sequenceCoverage="0" branchCoverage="0" crapScore="0" isConstructor="false" isStatic="false" isGetter="true" isSetter="false">
              <MetadataToken>100663369</MetadataToken>
              <Name>System.String SqlBuilder.UnitTest.InsertTests/TestModel::get_Title()</Name>
              <FileRef uid="5" />
              <SequencePoints />
              <BranchPoints />
            </Method>
            <Method skippedDueTo="AutoImplementedProperty" visited="false" cyclomaticComplexity="1" nPathComplexity="0" sequenceCoverage="0" branchCoverage="0" crapScore="0" isConstructor="false" isStatic="false" isGetter="false" isSetter="true">
              <MetadataToken>100663370</MetadataToken>
              <Name>System.Void SqlBuilder.UnitTest.InsertTests/TestModel::set_Title(System.String)</Name>
              <FileRef uid="5" />
              <SequencePoints />
              <BranchPoints />
            </Method>
            <Method visited="false" cyclomaticComplexity="1" nPathComplexity="0" sequenceCoverage="0" branchCoverage="0" crapScore="2" isConstructor="true" isStatic="false" isGetter="false" isSetter="false">
              <Summary numSequencePoints="0" visitedSequencePoints="0" numBranchPoints="0" visitedBranchPoints="0" sequenceCoverage="0" branchCoverage="0" maxCyclomaticComplexity="1" minCyclomaticComplexity="1" maxCrapScore="2" minCrapScore="2" visitedClasses="0" numClasses="0" visitedMethods="0" numMethods="0" />
              <MetadataToken>100663371</MetadataToken>
              <Name>System.Void SqlBuilder.UnitTest.InsertTests/TestModel::.ctor()</Name>
              <SequencePoints />
              <BranchPoints />
              <MethodPoint vc="0" uspid="82" ordinal="0" offset="0" />
            </Method>
          </Methods>
        </Class>
        <Class>
          <Summary numSequencePoints="0" visitedSequencePoints="0" numBranchPoints="0" visitedBranchPoints="0" sequenceCoverage="0" branchCoverage="0" maxCyclomaticComplexity="1" minCyclomaticComplexity="1" maxCrapScore="2" minCrapScore="2" visitedClasses="0" numClasses="0" visitedMethods="0" numMethods="0" />
          <FullName>SqlBuilder.UnitTest.InsertTests/EditableTestModel</FullName>
          <Methods>
            <Method skippedDueTo="AutoImplementedProperty" visited="false" cyclomaticComplexity="1" nPathComplexity="0" sequenceCoverage="0" branchCoverage="0" crapScore="0" isConstructor="false" isStatic="false" isGetter="true" isSetter="false">
              <MetadataToken>100663372</MetadataToken>
              <Name>System.Int32 SqlBuilder.UnitTest.InsertTests/EditableTestModel::get_Id()</Name>
              <FileRef uid="5" />
              <SequencePoints />
              <BranchPoints />
            </Method>
            <Method skippedDueTo="AutoImplementedProperty" visited="false" cyclomaticComplexity="1" nPathComplexity="0" sequenceCoverage="0" branchCoverage="0" crapScore="0" isConstructor="false" isStatic="false" isGetter="false" isSetter="true">
              <MetadataToken>100663373</MetadataToken>
              <Name>System.Void SqlBuilder.UnitTest.InsertTests/EditableTestModel::set_Id(System.Int32)</Name>
              <FileRef uid="5" />
              <SequencePoints />
              <BranchPoints />
            </Method>
            <Method skippedDueTo="AutoImplementedProperty" visited="false" cyclomaticComplexity="1" nPathComplexity="0" sequenceCoverage="0" branchCoverage="0" crapScore="0" isConstructor="false" isStatic="false" isGetter="true" isSetter="false">
              <MetadataToken>100663374</MetadataToken>
              <Name>System.String SqlBuilder.UnitTest.InsertTests/EditableTestModel::get_Title()</Name>
              <FileRef uid="5" />
              <SequencePoints />
              <BranchPoints />
            </Method>
            <Method skippedDueTo="AutoImplementedProperty" visited="false" cyclomaticComplexity="1" nPathComplexity="0" sequenceCoverage="0" branchCoverage="0" crapScore="0" isConstructor="false" isStatic="false" isGetter="false" isSetter="true">
              <MetadataToken>100663375</MetadataToken>
              <Name>System.Void SqlBuilder.UnitTest.InsertTests/EditableTestModel::set_Title(System.String)</Name>
              <FileRef uid="5" />
              <SequencePoints />
              <BranchPoints />
            </Method>
            <Method visited="false" cyclomaticComplexity="1" nPathComplexity="0" sequenceCoverage="0" branchCoverage="0" crapScore="2" isConstructor="true" isStatic="false" isGetter="false" isSetter="false">
              <Summary numSequencePoints="0" visitedSequencePoints="0" numBranchPoints="0" visitedBranchPoints="0" sequenceCoverage="0" branchCoverage="0" maxCyclomaticComplexity="1" minCyclomaticComplexity="1" maxCrapScore="2" minCrapScore="2" visitedClasses="0" numClasses="0" visitedMethods="0" numMethods="0" />
              <MetadataToken>100663376</MetadataToken>
              <Name>System.Void SqlBuilder.UnitTest.InsertTests/EditableTestModel::.ctor()</Name>
              <SequencePoints />
              <BranchPoints />
              <MethodPoint vc="0" uspid="83" ordinal="0" offset="0" />
            </Method>
          </Methods>
        </Class>
        <Class>
          <Summary numSequencePoints="4" visitedSequencePoints="0" numBranchPoints="1" visitedBranchPoints="0" sequenceCoverage="0" branchCoverage="0" maxCyclomaticComplexity="1" minCyclomaticComplexity="1" maxCrapScore="2" minCrapScore="2" visitedClasses="0" numClasses="1" visitedMethods="0" numMethods="1" />
          <FullName>SqlBuilder.UnitTest.ModelDefinitionTests</FullName>
          <Methods>
            <Method visited="false" cyclomaticComplexity="1" nPathComplexity="0" sequenceCoverage="0" branchCoverage="0" crapScore="2" isConstructor="false" isStatic="false" isGetter="false" isSetter="false">
              <Summary numSequencePoints="4" visitedSequencePoints="0" numBranchPoints="1" visitedBranchPoints="0" sequenceCoverage="0" branchCoverage="0" maxCyclomaticComplexity="1" minCyclomaticComplexity="1" maxCrapScore="2" minCrapScore="2" visitedClasses="0" numClasses="0" visitedMethods="0" numMethods="1" />
              <MetadataToken>100663318</MetadataToken>
              <Name>System.Void SqlBuilder.UnitTest.ModelDefinitionTests::picks_up_order_by()</Name>
              <FileRef uid="8" />
              <SequencePoints>
                <SequencePoint vc="0" uspid="84" ordinal="0" offset="0" sl="11" sc="5" el="11" ec="6" bec="0" bev="0" fileid="8" />
                <SequencePoint vc="0" uspid="85" ordinal="1" offset="1" sl="12" sc="7" el="12" ec="75" bec="0" bev="0" fileid="8" />
                <SequencePoint vc="0" uspid="86" ordinal="2" offset="18" sl="14" sc="7" el="14" ec="48" bec="0" bev="0" fileid="8" />
                <SequencePoint vc="0" uspid="87" ordinal="3" offset="35" sl="15" sc="5" el="15" ec="6" bec="0" bev="0" fileid="8" />
              </SequencePoints>
              <BranchPoints />
              <MethodPoint xsi:type="SequencePoint" vc="0" uspid="84" ordinal="0" offset="0" sl="11" sc="5" el="11" ec="6" bec="0" bev="0" fileid="8" />
            </Method>
            <Method visited="false" cyclomaticComplexity="1" nPathComplexity="0" sequenceCoverage="0" branchCoverage="0" crapScore="2" isConstructor="true" isStatic="false" isGetter="false" isSetter="false">
              <Summary numSequencePoints="0" visitedSequencePoints="0" numBranchPoints="0" visitedBranchPoints="0" sequenceCoverage="0" branchCoverage="0" maxCyclomaticComplexity="1" minCyclomaticComplexity="1" maxCrapScore="2" minCrapScore="2" visitedClasses="0" numClasses="0" visitedMethods="0" numMethods="0" />
              <MetadataToken>100663319</MetadataToken>
              <Name>System.Void SqlBuilder.UnitTest.ModelDefinitionTests::.ctor()</Name>
              <SequencePoints />
              <BranchPoints />
              <MethodPoint vc="0" uspid="88" ordinal="0" offset="0" />
            </Method>
          </Methods>
        </Class>
        <Class>
          <Summary numSequencePoints="0" visitedSequencePoints="0" numBranchPoints="0" visitedBranchPoints="0" sequenceCoverage="0" branchCoverage="0" maxCyclomaticComplexity="1" minCyclomaticComplexity="1" maxCrapScore="2" minCrapScore="2" visitedClasses="0" numClasses="0" visitedMethods="0" numMethods="0" />
          <FullName>SqlBuilder.UnitTest.ModelDefinitionTests/Test</FullName>
          <Methods>
            <Method skippedDueTo="AutoImplementedProperty" visited="false" cyclomaticComplexity="1" nPathComplexity="0" sequenceCoverage="0" branchCoverage="0" crapScore="0" isConstructor="false" isStatic="false" isGetter="true" isSetter="false">
              <MetadataToken>100663377</MetadataToken>
              <Name>System.String SqlBuilder.UnitTest.ModelDefinitionTests/Test::get_Foo()</Name>
              <FileRef uid="8" />
              <SequencePoints />
              <BranchPoints />
            </Method>
            <Method skippedDueTo="AutoImplementedProperty" visited="false" cyclomaticComplexity="1" nPathComplexity="0" sequenceCoverage="0" branchCoverage="0" crapScore="0" isConstructor="false" isStatic="false" isGetter="false" isSetter="true">
              <MetadataToken>100663378</MetadataToken>
              <Name>System.Void SqlBuilder.UnitTest.ModelDefinitionTests/Test::set_Foo(System.String)</Name>
              <FileRef uid="8" />
              <SequencePoints />
              <BranchPoints />
            </Method>
            <Method visited="false" cyclomaticComplexity="1" nPathComplexity="0" sequenceCoverage="0" branchCoverage="0" crapScore="2" isConstructor="true" isStatic="false" isGetter="false" isSetter="false">
              <Summary numSequencePoints="0" visitedSequencePoints="0" numBranchPoints="0" visitedBranchPoints="0" sequenceCoverage="0" branchCoverage="0" maxCyclomaticComplexity="1" minCyclomaticComplexity="1" maxCrapScore="2" minCrapScore="2" visitedClasses="0" numClasses="0" visitedMethods="0" numMethods="0" />
              <MetadataToken>100663379</MetadataToken>
              <Name>System.Void SqlBuilder.UnitTest.ModelDefinitionTests/Test::.ctor()</Name>
              <SequencePoints />
              <BranchPoints />
              <MethodPoint vc="0" uspid="89" ordinal="0" offset="0" />
            </Method>
          </Methods>
        </Class>
        <Class>
          <Summary numSequencePoints="11" visitedSequencePoints="0" numBranchPoints="3" visitedBranchPoints="0" sequenceCoverage="0" branchCoverage="0" maxCyclomaticComplexity="1" minCyclomaticComplexity="1" maxCrapScore="2" minCrapScore="2" visitedClasses="0" numClasses="1" visitedMethods="0" numMethods="3" />
          <FullName>SqlBuilder.UnitTest.OptionsTests</FullName>
          <Methods>
            <Method visited="false" cyclomaticComplexity="1" nPathComplexity="0" sequenceCoverage="0" branchCoverage="0" crapScore="2" isConstructor="false" isStatic="false" isGetter="false" isSetter="false">
              <Summary numSequencePoints="3" visitedSequencePoints="0" numBranchPoints="1" visitedBranchPoints="0" sequenceCoverage="0" branchCoverage="0" maxCyclomaticComplexity="1" minCyclomaticComplexity="1" maxCrapScore="2" minCrapScore="2" visitedClasses="0" numClasses="0" visitedMethods="0" numMethods="1" />
              <MetadataToken>100663320</MetadataToken>
              <Name>System.Void SqlBuilder.UnitTest.OptionsTests::none_renders_null()</Name>
              <FileRef uid="10" />
              <SequencePoints>
                <SequencePoint vc="0" uspid="90" ordinal="0" offset="0" sl="10" sc="5" el="10" ec="6" bec="0" bev="0" fileid="10" />
                <SequencePoint vc="0" uspid="91" ordinal="1" offset="1" sl="11" sc="7" el="11" ec="55" bec="0" bev="0" fileid="10" />
                <SequencePoint vc="0" uspid="92" ordinal="2" offset="18" sl="12" sc="5" el="12" ec="6" bec="0" bev="0" fileid="10" />
              </SequencePoints>
              <BranchPoints />
              <MethodPoint xsi:type="SequencePoint" vc="0" uspid="90" ordinal="0" offset="0" sl="10" sc="5" el="10" ec="6" bec="0" bev="0" fileid="10" />
            </Method>
            <Method visited="false" cyclomaticComplexity="1" nPathComplexity="0" sequenceCoverage="0" branchCoverage="0" crapScore="2" isConstructor="false" isStatic="false" isGetter="false" isSetter="false">
              <Summary numSequencePoints="4" visitedSequencePoints="0" numBranchPoints="1" visitedBranchPoints="0" sequenceCoverage="0" branchCoverage="0" maxCyclomaticComplexity="1" minCyclomaticComplexity="1" maxCrapScore="2" minCrapScore="2" visitedClasses="0" numClasses="0" visitedMethods="0" numMethods="1" />
              <MetadataToken>100663321</MetadataToken>
              <Name>System.Void SqlBuilder.UnitTest.OptionsTests::single_valid_option_renders_sql()</Name>
              <FileRef uid="10" />
              <SequencePoints>
                <SequencePoint vc="0" uspid="93" ordinal="0" offset="0" sl="16" sc="5" el="16" ec="6" bec="0" bev="0" fileid="10" />
                <SequencePoint vc="0" uspid="94" ordinal="1" offset="1" sl="17" sc="7" el="17" ec="79" bec="0" bev="0" fileid="10" />
                <SequencePoint vc="0" uspid="95" ordinal="2" offset="23" sl="18" sc="7" el="18" ec="99" bec="0" bev="0" fileid="10" />
                <SequencePoint vc="0" uspid="96" ordinal="3" offset="45" sl="19" sc="5" el="19" ec="6" bec="0" bev="0" fileid="10" />
              </SequencePoints>
              <BranchPoints />
              <MethodPoint xsi:type="SequencePoint" vc="0" uspid="93" ordinal="0" offset="0" sl="16" sc="5" el="16" ec="6" bec="0" bev="0" fileid="10" />
            </Method>
            <Method visited="false" cyclomaticComplexity="1" nPathComplexity="0" sequenceCoverage="0" branchCoverage="0" crapScore="2" isConstructor="false" isStatic="false" isGetter="false" isSetter="false">
              <Summary numSequencePoints="4" visitedSequencePoints="0" numBranchPoints="1" visitedBranchPoints="0" sequenceCoverage="0" branchCoverage="0" maxCyclomaticComplexity="1" minCyclomaticComplexity="1" maxCrapScore="2" minCrapScore="2" visitedClasses="0" numClasses="0" visitedMethods="0" numMethods="1" />
              <MetadataToken>100663322</MetadataToken>
              <Name>System.Void SqlBuilder.UnitTest.OptionsTests::multiple_valid_options_renders_sql()</Name>
              <FileRef uid="10" />
              <SequencePoints>
                <SequencePoint vc="0" uspid="97" ordinal="0" offset="0" sl="23" sc="5" el="23" ec="6" bec="0" bev="0" fileid="10" />
                <SequencePoint vc="0" uspid="98" ordinal="1" offset="1" sl="24" sc="7" el="24" ec="132" bec="0" bev="0" fileid="10" />
                <SequencePoint vc="0" uspid="99" ordinal="2" offset="23" sl="25" sc="7" el="25" ec="132" bec="0" bev="0" fileid="10" />
                <SequencePoint vc="0" uspid="100" ordinal="3" offset="45" sl="26" sc="5" el="26" ec="6" bec="0" bev="0" fileid="10" />
              </SequencePoints>
              <BranchPoints />
              <MethodPoint xsi:type="SequencePoint" vc="0" uspid="97" ordinal="0" offset="0" sl="23" sc="5" el="23" ec="6" bec="0" bev="0" fileid="10" />
            </Method>
            <Method visited="false" cyclomaticComplexity="1" nPathComplexity="0" sequenceCoverage="0" branchCoverage="0" crapScore="2" isConstructor="true" isStatic="false" isGetter="false" isSetter="false">
              <Summary numSequencePoints="0" visitedSequencePoints="0" numBranchPoints="0" visitedBranchPoints="0" sequenceCoverage="0" branchCoverage="0" maxCyclomaticComplexity="1" minCyclomaticComplexity="1" maxCrapScore="2" minCrapScore="2" visitedClasses="0" numClasses="0" visitedMethods="0" numMethods="0" />
              <MetadataToken>100663323</MetadataToken>
              <Name>System.Void SqlBuilder.UnitTest.OptionsTests::.ctor()</Name>
              <SequencePoints />
              <BranchPoints />
              <MethodPoint vc="0" uspid="101" ordinal="0" offset="0" />
            </Method>
          </Methods>
        </Class>
        <Class>
          <Summary numSequencePoints="6" visitedSequencePoints="0" numBranchPoints="2" visitedBranchPoints="0" sequenceCoverage="0" branchCoverage="0" maxCyclomaticComplexity="1" minCyclomaticComplexity="1" maxCrapScore="2" minCrapScore="2" visitedClasses="0" numClasses="1" visitedMethods="0" numMethods="2" />
          <FullName>SqlBuilder.UnitTest.OrderByTests</FullName>
          <Methods>
            <Method visited="false" cyclomaticComplexity="1" nPathComplexity="0" sequenceCoverage="0" branchCoverage="0" crapScore="2" isConstructor="false" isStatic="false" isGetter="false" isSetter="false">
              <Summary numSequencePoints="4" visitedSequencePoints="0" numBranchPoints="1" visitedBranchPoints="0" sequenceCoverage="0" branchCoverage="0" maxCyclomaticComplexity="1" minCyclomaticComplexity="1" maxCrapScore="2" minCrapScore="2" visitedClasses="0" numClasses="0" visitedMethods="0" numMethods="1" />
              <MetadataToken>100663324</MetadataToken>
              <Name>System.Void SqlBuilder.UnitTest.OrderByTests::supports_clauses()</Name>
              <FileRef uid="11" />
              <SequencePoints>
                <SequencePoint vc="0" uspid="102" ordinal="0" offset="0" sl="10" sc="5" el="10" ec="6" bec="0" bev="0" fileid="11" />
                <SequencePoint vc="0" uspid="103" ordinal="1" offset="1" sl="11" sc="7" el="11" ec="48" bec="0" bev="0" fileid="11" />
                <SequencePoint vc="0" uspid="104" ordinal="2" offset="12" sl="13" sc="7" el="13" ec="51" bec="0" bev="0" fileid="11" />
                <SequencePoint vc="0" uspid="105" ordinal="3" offset="29" sl="14" sc="5" el="14" ec="6" bec="0" bev="0" fileid="11" />
              </SequencePoints>
              <BranchPoints />
              <MethodPoint xsi:type="SequencePoint" vc="0" uspid="102" ordinal="0" offset="0" sl="10" sc="5" el="10" ec="6" bec="0" bev="0" fileid="11" />
            </Method>
            <Method visited="false" cyclomaticComplexity="1" nPathComplexity="0" sequenceCoverage="0" branchCoverage="0" crapScore="2" isConstructor="false" isStatic="false" isGetter="false" isSetter="false">
              <Summary numSequencePoints="2" visitedSequencePoints="0" numBranchPoints="1" visitedBranchPoints="0" sequenceCoverage="0" branchCoverage="0" maxCyclomaticComplexity="1" minCyclomaticComplexity="1" maxCrapScore="2" minCrapScore="2" visitedClasses="0" numClasses="0" visitedMethods="0" numMethods="1" />
              <MetadataToken>100663325</MetadataToken>
              <Name>System.Void SqlBuilder.UnitTest.OrderByTests::supports_multiple_clauses()</Name>
              <FileRef uid="11" />
              <SequencePoints>
                <SequencePoint vc="0" uspid="106" ordinal="0" offset="0" sl="18" sc="5" el="18" ec="6" bec="0" bev="0" fileid="11" />
                <SequencePoint vc="0" uspid="107" ordinal="1" offset="1" sl="20" sc="5" el="20" ec="6" bec="0" bev="0" fileid="11" />
              </SequencePoints>
              <BranchPoints />
              <MethodPoint xsi:type="SequencePoint" vc="0" uspid="106" ordinal="0" offset="0" sl="18" sc="5" el="18" ec="6" bec="0" bev="0" fileid="11" />
            </Method>
            <Method visited="false" cyclomaticComplexity="1" nPathComplexity="0" sequenceCoverage="0" branchCoverage="0" crapScore="2" isConstructor="true" isStatic="false" isGetter="false" isSetter="false">
              <Summary numSequencePoints="0" visitedSequencePoints="0" numBranchPoints="0" visitedBranchPoints="0" sequenceCoverage="0" branchCoverage="0" maxCyclomaticComplexity="1" minCyclomaticComplexity="1" maxCrapScore="2" minCrapScore="2" visitedClasses="0" numClasses="0" visitedMethods="0" numMethods="0" />
              <MetadataToken>100663326</MetadataToken>
              <Name>System.Void SqlBuilder.UnitTest.OrderByTests::.ctor()</Name>
              <SequencePoints />
              <BranchPoints />
              <MethodPoint vc="0" uspid="108" ordinal="0" offset="0" />
            </Method>
          </Methods>
        </Class>
        <Class>
          <Summary numSequencePoints="18" visitedSequencePoints="0" numBranchPoints="5" visitedBranchPoints="0" sequenceCoverage="0" branchCoverage="0" maxCyclomaticComplexity="1" minCyclomaticComplexity="1" maxCrapScore="2" minCrapScore="2" visitedClasses="0" numClasses="1" visitedMethods="0" numMethods="5" />
          <FullName>SqlBuilder.UnitTest.PagingTests</FullName>
          <Methods>
            <Method visited="false" cyclomaticComplexity="1" nPathComplexity="0" sequenceCoverage="0" branchCoverage="0" crapScore="2" isConstructor="false" isStatic="false" isGetter="false" isSetter="false">
              <Summary numSequencePoints="4" visitedSequencePoints="0" numBranchPoints="1" visitedBranchPoints="0" sequenceCoverage="0" branchCoverage="0" maxCyclomaticComplexity="1" minCyclomaticComplexity="1" maxCrapScore="2" minCrapScore="2" visitedClasses="0" numClasses="0" visitedMethods="0" numMethods="1" />
              <MetadataToken>100663327</MetadataToken>
              <Name>System.Void SqlBuilder.UnitTest.PagingTests::RowStart_returns_value()</Name>
              <FileRef uid="12" />
              <SequencePoints>
                <SequencePoint vc="0" uspid="109" ordinal="0" offset="0" sl="10" sc="5" el="10" ec="6" bec="0" bev="0" fileid="12" />
                <SequencePoint vc="0" uspid="110" ordinal="1" offset="1" sl="11" sc="7" el="11" ec="47" bec="0" bev="0" fileid="12" />
                <SequencePoint vc="0" uspid="111" ordinal="2" offset="21" sl="12" sc="7" el="12" ec="48" bec="0" bev="0" fileid="12" />
                <SequencePoint vc="0" uspid="112" ordinal="3" offset="42" sl="13" sc="5" el="13" ec="6" bec="0" bev="0" fileid="12" />
              </SequencePoints>
              <BranchPoints />
              <MethodPoint xsi:type="SequencePoint" vc="0" uspid="109" ordinal="0" offset="0" sl="10" sc="5" el="10" ec="6" bec="0" bev="0" fileid="12" />
            </Method>
            <Method visited="false" cyclomaticComplexity="1" nPathComplexity="0" sequenceCoverage="0" branchCoverage="0" crapScore="2" isConstructor="false" isStatic="false" isGetter="false" isSetter="false">
              <Summary numSequencePoints="4" visitedSequencePoints="0" numBranchPoints="1" visitedBranchPoints="0" sequenceCoverage="0" branchCoverage="0" maxCyclomaticComplexity="1" minCyclomaticComplexity="1" maxCrapScore="2" minCrapScore="2" visitedClasses="0" numClasses="0" visitedMethods="0" numMethods="1" />
              <MetadataToken>100663328</MetadataToken>
              <Name>System.Void SqlBuilder.UnitTest.PagingTests::RowEnd_returns_value()</Name>
              <FileRef uid="12" />
              <SequencePoints>
                <SequencePoint vc="0" uspid="113" ordinal="0" offset="0" sl="17" sc="5" el="17" ec="6" bec="0" bev="0" fileid="12" />
                <SequencePoint vc="0" uspid="114" ordinal="1" offset="1" sl="18" sc="7" el="18" ec="46" bec="0" bev="0" fileid="12" />
                <SequencePoint vc="0" uspid="115" ordinal="2" offset="22" sl="19" sc="7" el="19" ec="46" bec="0" bev="0" fileid="12" />
                <SequencePoint vc="0" uspid="116" ordinal="3" offset="43" sl="20" sc="5" el="20" ec="6" bec="0" bev="0" fileid="12" />
              </SequencePoints>
              <BranchPoints />
              <MethodPoint xsi:type="SequencePoint" vc="0" uspid="113" ordinal="0" offset="0" sl="17" sc="5" el="17" ec="6" bec="0" bev="0" fileid="12" />
            </Method>
            <Method visited="false" cyclomaticComplexity="1" nPathComplexity="0" sequenceCoverage="0" branchCoverage="0" crapScore="2" isConstructor="false" isStatic="false" isGetter="false" isSetter="false">
              <Summary numSequencePoints="4" visitedSequencePoints="0" numBranchPoints="1" visitedBranchPoints="0" sequenceCoverage="0" branchCoverage="0" maxCyclomaticComplexity="1" minCyclomaticComplexity="1" maxCrapScore="2" minCrapScore="2" visitedClasses="0" numClasses="0" visitedMethods="0" numMethods="1" />
              <MetadataToken>100663329</MetadataToken>
              <Name>System.Void SqlBuilder.UnitTest.PagingTests::Skip_returns_value()</Name>
              <FileRef uid="12" />
              <SequencePoints>
                <SequencePoint vc="0" uspid="117" ordinal="0" offset="0" sl="24" sc="5" el="24" ec="6" bec="0" bev="0" fileid="12" />
                <SequencePoint vc="0" uspid="118" ordinal="1" offset="1" sl="25" sc="7" el="25" ec="43" bec="0" bev="0" fileid="12" />
                <SequencePoint vc="0" uspid="119" ordinal="2" offset="21" sl="26" sc="7" el="26" ec="44" bec="0" bev="0" fileid="12" />
                <SequencePoint vc="0" uspid="120" ordinal="3" offset="42" sl="27" sc="5" el="27" ec="6" bec="0" bev="0" fileid="12" />
              </SequencePoints>
              <BranchPoints />
              <MethodPoint xsi:type="SequencePoint" vc="0" uspid="117" ordinal="0" offset="0" sl="24" sc="5" el="24" ec="6" bec="0" bev="0" fileid="12" />
            </Method>
            <Method visited="false" cyclomaticComplexity="1" nPathComplexity="0" sequenceCoverage="0" branchCoverage="0" crapScore="2" isConstructor="false" isStatic="false" isGetter="false" isSetter="false">
              <Summary numSequencePoints="3" visitedSequencePoints="0" numBranchPoints="1" visitedBranchPoints="0" sequenceCoverage="0" branchCoverage="0" maxCyclomaticComplexity="1" minCyclomaticComplexity="1" maxCrapScore="2" minCrapScore="2" visitedClasses="0" numClasses="0" visitedMethods="0" numMethods="1" />
              <MetadataToken>100663330</MetadataToken>
              <Name>System.Void SqlBuilder.UnitTest.PagingTests::Top_returns_value()</Name>
              <FileRef uid="12" />
              <SequencePoints>
                <SequencePoint vc="0" uspid="121" ordinal="0" offset="0" sl="31" sc="5" el="31" ec="6" bec="0" bev="0" fileid="12" />
                <SequencePoint vc="0" uspid="122" ordinal="1" offset="1" sl="32" sc="7" el="32" ec="43" bec="0" bev="0" fileid="12" />
                <SequencePoint vc="0" uspid="123" ordinal="2" offset="22" sl="33" sc="5" el="33" ec="6" bec="0" bev="0" fileid="12" />
              </SequencePoints>
              <BranchPoints />
              <MethodPoint xsi:type="SequencePoint" vc="0" uspid="121" ordinal="0" offset="0" sl="31" sc="5" el="31" ec="6" bec="0" bev="0" fileid="12" />
            </Method>
            <Method visited="false" cyclomaticComplexity="1" nPathComplexity="0" sequenceCoverage="0" branchCoverage="0" crapScore="2" isConstructor="false" isStatic="false" isGetter="false" isSetter="false">
              <Summary numSequencePoints="3" visitedSequencePoints="0" numBranchPoints="1" visitedBranchPoints="0" sequenceCoverage="0" branchCoverage="0" maxCyclomaticComplexity="1" minCyclomaticComplexity="1" maxCrapScore="2" minCrapScore="2" visitedClasses="0" numClasses="0" visitedMethods="0" numMethods="1" />
              <MetadataToken>100663331</MetadataToken>
              <Name>System.Void SqlBuilder.UnitTest.PagingTests::Sql_returns_offset()</Name>
              <FileRef uid="12" />
              <SequencePoints>
                <SequencePoint vc="0" uspid="124" ordinal="0" offset="0" sl="37" sc="5" el="37" ec="6" bec="0" bev="0" fileid="12" />
                <SequencePoint vc="0" uspid="125" ordinal="1" offset="1" sl="38" sc="7" el="38" ec="82" bec="0" bev="0" fileid="12" />
                <SequencePoint vc="0" uspid="126" ordinal="2" offset="25" sl="39" sc="5" el="39" ec="6" bec="0" bev="0" fileid="12" />
              </SequencePoints>
              <BranchPoints />
              <MethodPoint xsi:type="SequencePoint" vc="0" uspid="124" ordinal="0" offset="0" sl="37" sc="5" el="37" ec="6" bec="0" bev="0" fileid="12" />
            </Method>
            <Method visited="false" cyclomaticComplexity="1" nPathComplexity="0" sequenceCoverage="0" branchCoverage="0" crapScore="2" isConstructor="true" isStatic="false" isGetter="false" isSetter="false">
              <Summary numSequencePoints="0" visitedSequencePoints="0" numBranchPoints="0" visitedBranchPoints="0" sequenceCoverage="0" branchCoverage="0" maxCyclomaticComplexity="1" minCyclomaticComplexity="1" maxCrapScore="2" minCrapScore="2" visitedClasses="0" numClasses="0" visitedMethods="0" numMethods="0" />
              <MetadataToken>100663332</MetadataToken>
              <Name>System.Void SqlBuilder.UnitTest.PagingTests::.ctor()</Name>
              <SequencePoints />
              <BranchPoints />
              <MethodPoint vc="0" uspid="127" ordinal="0" offset="0" />
            </Method>
          </Methods>
        </Class>
        <Class>
          <Summary numSequencePoints="107" visitedSequencePoints="0" numBranchPoints="19" visitedBranchPoints="0" sequenceCoverage="0" branchCoverage="0" maxCyclomaticComplexity="1" minCyclomaticComplexity="1" maxCrapScore="2" minCrapScore="2" visitedClasses="0" numClasses="1" visitedMethods="0" numMethods="19" />
          <FullName>SqlBuilder.UnitTest.SelectTests</FullName>
          <Methods>
            <Method visited="false" cyclomaticComplexity="1" nPathComplexity="0" sequenceCoverage="0" branchCoverage="0" crapScore="2" isConstructor="false" isStatic="false" isGetter="false" isSetter="false">
              <Summary numSequencePoints="4" visitedSequencePoints="0" numBranchPoints="1" visitedBranchPoints="0" sequenceCoverage="0" branchCoverage="0" maxCyclomaticComplexity="1" minCyclomaticComplexity="1" maxCrapScore="2" minCrapScore="2" visitedClasses="0" numClasses="0" visitedMethods="0" numMethods="1" />
              <MetadataToken>100663333</MetadataToken>
              <Name>System.Void SqlBuilder.UnitTest.SelectTests::include_count_adds_count_recordset()</Name>
              <FileRef uid="13" />
              <SequencePoints>
                <SequencePoint vc="0" uspid="128" ordinal="0" offset="0" sl="12" sc="5" el="12" ec="6" bec="0" bev="0" fileid="13" />
                <SequencePoint vc="0" uspid="129" ordinal="1" offset="1" sl="13" sc="7" el="13" ec="76" bec="0" bev="0" fileid="13" />
                <SequencePoint vc="0" uspid="130" ordinal="2" offset="13" sl="14" sc="7" el="14" ec="118" bec="0" bev="0" fileid="13" />
                <SequencePoint vc="0" uspid="131" ordinal="3" offset="30" sl="15" sc="5" el="15" ec="6" bec="0" bev="0" fileid="13" />
              </SequencePoints>
              <BranchPoints />
              <MethodPoint xsi:type="SequencePoint" vc="0" uspid="128" ordinal="0" offset="0" sl="12" sc="5" el="12" ec="6" bec="0" bev="0" fileid="13" />
            </Method>
            <Method visited="false" cyclomaticComplexity="1" nPathComplexity="0" sequenceCoverage="0" branchCoverage="0" crapScore="2" isConstructor="false" isStatic="false" isGetter="false" isSetter="false">
              <Summary numSequencePoints="5" visitedSequencePoints="0" numBranchPoints="1" visitedBranchPoints="0" sequenceCoverage="0" branchCoverage="0" maxCyclomaticComplexity="1" minCyclomaticComplexity="1" maxCrapScore="2" minCrapScore="2" visitedClasses="0" numClasses="0" visitedMethods="0" numMethods="1" />
              <MetadataToken>100663334</MetadataToken>
              <Name>System.Void SqlBuilder.UnitTest.SelectTests::include_count_adds_count_recordset_with_where_clause()</Name>
              <FileRef uid="13" />
              <SequencePoints>
                <SequencePoint vc="0" uspid="132" ordinal="0" offset="0" sl="19" sc="5" el="19" ec="6" bec="0" bev="0" fileid="13" />
                <SequencePoint vc="0" uspid="133" ordinal="1" offset="1" sl="20" sc="7" el="20" ec="76" bec="0" bev="0" fileid="13" />
                <SequencePoint vc="0" uspid="134" ordinal="2" offset="13" sl="21" sc="7" el="21" ec="36" bec="0" bev="0" fileid="13" />
                <SequencePoint vc="0" uspid="135" ordinal="3" offset="25" sl="22" sc="7" el="22" ec="156" bec="0" bev="0" fileid="13" />
                <SequencePoint vc="0" uspid="136" ordinal="4" offset="42" sl="23" sc="5" el="23" ec="6" bec="0" bev="0" fileid="13" />
              </SequencePoints>
              <BranchPoints />
              <MethodPoint xsi:type="SequencePoint" vc="0" uspid="132" ordinal="0" offset="0" sl="19" sc="5" el="19" ec="6" bec="0" bev="0" fileid="13" />
            </Method>
            <Method visited="false" cyclomaticComplexity="1" nPathComplexity="0" sequenceCoverage="0" branchCoverage="0" crapScore="2" isConstructor="false" isStatic="false" isGetter="false" isSetter="false">
              <Summary numSequencePoints="7" visitedSequencePoints="0" numBranchPoints="1" visitedBranchPoints="0" sequenceCoverage="0" branchCoverage="0" maxCyclomaticComplexity="1" minCyclomaticComplexity="1" maxCrapScore="2" minCrapScore="2" visitedClasses="0" numClasses="0" visitedMethods="0" numMethods="1" />
              <MetadataToken>100663335</MetadataToken>
              <Name>System.Void SqlBuilder.UnitTest.SelectTests::paging_applies_sql_with_where_and_orderby_clause()</Name>
              <FileRef uid="13" />
              <SequencePoints>
                <SequencePoint vc="0" uspid="137" ordinal="0" offset="0" sl="27" sc="5" el="27" ec="6" bec="0" bev="0" fileid="13" />
                <SequencePoint vc="0" uspid="138" ordinal="1" offset="1" sl="28" sc="7" el="28" ec="58" bec="0" bev="0" fileid="13" />
                <SequencePoint vc="0" uspid="139" ordinal="2" offset="13" sl="29" sc="7" el="29" ec="28" bec="0" bev="0" fileid="13" />
                <SequencePoint vc="0" uspid="140" ordinal="3" offset="23" sl="30" sc="7" el="30" ec="36" bec="0" bev="0" fileid="13" />
                <SequencePoint vc="0" uspid="141" ordinal="4" offset="35" sl="31" sc="7" el="31" ec="31" bec="0" bev="0" fileid="13" />
                <SequencePoint vc="0" uspid="142" ordinal="5" offset="48" sl="33" sc="7" el="33" ec="109" bec="0" bev="0" fileid="13" />
                <SequencePoint vc="0" uspid="143" ordinal="6" offset="65" sl="34" sc="5" el="34" ec="6" bec="0" bev="0" fileid="13" />
              </SequencePoints>
              <BranchPoints />
              <MethodPoint xsi:type="SequencePoint" vc="0" uspid="137" ordinal="0" offset="0" sl="27" sc="5" el="27" ec="6" bec="0" bev="0" fileid="13" />
            </Method>
            <Method visited="false" cyclomaticComplexity="1" nPathComplexity="0" sequenceCoverage="0" branchCoverage="0" crapScore="2" isConstructor="false" isStatic="false" isGetter="false" isSetter="false">
              <Summary numSequencePoints="5" visitedSequencePoints="0" numBranchPoints="1" visitedBranchPoints="0" sequenceCoverage="0" branchCoverage="0" maxCyclomaticComplexity="1" minCyclomaticComplexity="1" maxCrapScore="2" minCrapScore="2" visitedClasses="0" numClasses="0" visitedMethods="0" numMethods="1" />
              <MetadataToken>100663336</MetadataToken>
              <Name>System.Void SqlBuilder.UnitTest.SelectTests::add_column_applies_sql()</Name>
              <FileRef uid="13" />
              <SequencePoints>
                <SequencePoint vc="0" uspid="144" ordinal="0" offset="0" sl="38" sc="5" el="38" ec="6" bec="0" bev="0" fileid="13" />
                <SequencePoint vc="0" uspid="145" ordinal="1" offset="1" sl="39" sc="7" el="39" ec="58" bec="0" bev="0" fileid="13" />
                <SequencePoint vc="0" uspid="146" ordinal="2" offset="13" sl="40" sc="7" el="40" ec="32" bec="0" bev="0" fileid="13" />
                <SequencePoint vc="0" uspid="147" ordinal="3" offset="77" sl="41" sc="7" el="41" ec="77" bec="0" bev="0" fileid="13" />
                <SequencePoint vc="0" uspid="148" ordinal="4" offset="94" sl="42" sc="5" el="42" ec="6" bec="0" bev="0" fileid="13" />
              </SequencePoints>
              <BranchPoints />
              <MethodPoint xsi:type="SequencePoint" vc="0" uspid="144" ordinal="0" offset="0" sl="38" sc="5" el="38" ec="6" bec="0" bev="0" fileid="13" />
            </Method>
            <Method visited="false" cyclomaticComplexity="1" nPathComplexity="0" sequenceCoverage="0" branchCoverage="0" crapScore="2" isConstructor="false" isStatic="false" isGetter="false" isSetter="false">
              <Summary numSequencePoints="5" visitedSequencePoints="0" numBranchPoints="1" visitedBranchPoints="0" sequenceCoverage="0" branchCoverage="0" maxCyclomaticComplexity="1" minCyclomaticComplexity="1" maxCrapScore="2" minCrapScore="2" visitedClasses="0" numClasses="0" visitedMethods="0" numMethods="1" />
              <MetadataToken>100663337</MetadataToken>
              <Name>System.Void SqlBuilder.UnitTest.SelectTests::orderby_adds_column()</Name>
              <FileRef uid="13" />
              <SequencePoints>
                <SequencePoint vc="0" uspid="149" ordinal="0" offset="0" sl="46" sc="5" el="46" ec="6" bec="0" bev="0" fileid="13" />
                <SequencePoint vc="0" uspid="150" ordinal="1" offset="1" sl="47" sc="7" el="47" ec="58" bec="0" bev="0" fileid="13" />
                <SequencePoint vc="0" uspid="151" ordinal="2" offset="13" sl="48" sc="7" el="48" ec="33" bec="0" bev="0" fileid="13" />
                <SequencePoint vc="0" uspid="152" ordinal="3" offset="78" sl="49" sc="7" el="49" ec="80" bec="0" bev="0" fileid="13" />
                <SequencePoint vc="0" uspid="153" ordinal="4" offset="95" sl="50" sc="5" el="50" ec="6" bec="0" bev="0" fileid="13" />
              </SequencePoints>
              <BranchPoints />
              <MethodPoint xsi:type="SequencePoint" vc="0" uspid="149" ordinal="0" offset="0" sl="46" sc="5" el="46" ec="6" bec="0" bev="0" fileid="13" />
            </Method>
            <Method visited="false" cyclomaticComplexity="1" nPathComplexity="0" sequenceCoverage="0" branchCoverage="0" crapScore="2" isConstructor="false" isStatic="false" isGetter="false" isSetter="false">
              <Summary numSequencePoints="5" visitedSequencePoints="0" numBranchPoints="1" visitedBranchPoints="0" sequenceCoverage="0" branchCoverage="0" maxCyclomaticComplexity="1" minCyclomaticComplexity="1" maxCrapScore="2" minCrapScore="2" visitedClasses="0" numClasses="0" visitedMethods="0" numMethods="1" />
              <MetadataToken>100663338</MetadataToken>
              <Name>System.Void SqlBuilder.UnitTest.SelectTests::orderby_adds_descending_column()</Name>
              <FileRef uid="13" />
              <SequencePoints>
                <SequencePoint vc="0" uspid="154" ordinal="0" offset="0" sl="54" sc="5" el="54" ec="6" bec="0" bev="0" fileid="13" />
                <SequencePoint vc="0" uspid="155" ordinal="1" offset="1" sl="55" sc="7" el="55" ec="58" bec="0" bev="0" fileid="13" />
                <SequencePoint vc="0" uspid="156" ordinal="2" offset="13" sl="56" sc="7" el="56" ec="40" bec="0" bev="0" fileid="13" />
                <SequencePoint vc="0" uspid="157" ordinal="3" offset="78" sl="57" sc="7" el="57" ec="85" bec="0" bev="0" fileid="13" />
                <SequencePoint vc="0" uspid="158" ordinal="4" offset="95" sl="58" sc="5" el="58" ec="6" bec="0" bev="0" fileid="13" />
              </SequencePoints>
              <BranchPoints />
              <MethodPoint xsi:type="SequencePoint" vc="0" uspid="154" ordinal="0" offset="0" sl="54" sc="5" el="54" ec="6" bec="0" bev="0" fileid="13" />
            </Method>
            <Method visited="false" cyclomaticComplexity="1" nPathComplexity="0" sequenceCoverage="0" branchCoverage="0" crapScore="2" isConstructor="false" isStatic="false" isGetter="false" isSetter="false">
              <Summary numSequencePoints="5" visitedSequencePoints="0" numBranchPoints="1" visitedBranchPoints="0" sequenceCoverage="0" branchCoverage="0" maxCyclomaticComplexity="1" minCyclomaticComplexity="1" maxCrapScore="2" minCrapScore="2" visitedClasses="0" numClasses="0" visitedMethods="0" numMethods="1" />
              <MetadataToken>100663339</MetadataToken>
              <Name>System.Void SqlBuilder.UnitTest.SelectTests::groupby_adds_column()</Name>
              <FileRef uid="13" />
              <SequencePoints>
                <SequencePoint vc="0" uspid="159" ordinal="0" offset="0" sl="62" sc="5" el="62" ec="6" bec="0" bev="0" fileid="13" />
                <SequencePoint vc="0" uspid="160" ordinal="1" offset="1" sl="63" sc="7" el="63" ec="58" bec="0" bev="0" fileid="13" />
                <SequencePoint vc="0" uspid="161" ordinal="2" offset="13" sl="64" sc="7" el="64" ec="33" bec="0" bev="0" fileid="13" />
                <SequencePoint vc="0" uspid="162" ordinal="3" offset="77" sl="65" sc="7" el="65" ec="95" bec="0" bev="0" fileid="13" />
                <SequencePoint vc="0" uspid="163" ordinal="4" offset="94" sl="66" sc="5" el="66" ec="6" bec="0" bev="0" fileid="13" />
              </SequencePoints>
              <BranchPoints />
[...]
          <FullName>SqlBuilder.Update`1/&lt;&gt;c</FullName>
          <Methods>
            <Method visited="false" cyclomaticComplexity="1" nPathComplexity="0" sequenceCoverage="0" branchCoverage="0" crapScore="2" isConstructor="true" isStatic="true" isGetter="false" isSetter="false">
              <Summary numSequencePoints="0" visitedSequencePoints="0" numBranchPoints="0" visitedBranchPoints="0" sequenceCoverage="0" branchCoverage="0" maxCyclomaticComplexity="1" minCyclomaticComplexity="1" maxCrapScore="2" minCrapScore="2" visitedClasses="0" numClasses="0" visitedMethods="0" numMethods="0" />
              <MetadataToken>100663542</MetadataToken>
              <Name>System.Void SqlBuilder.Update`1/&lt;&gt;c::.cctor()</Name>
              <SequencePoints />
              <BranchPoints />
              <MethodPoint vc="0" uspid="1629" ordinal="0" offset="0" />
            </Method>
            <Method visited="false" cyclomaticComplexity="1" nPathComplexity="0" sequenceCoverage="0" branchCoverage="0" crapScore="2" isConstructor="true" isStatic="false" isGetter="false" isSetter="false">
              <Summary numSequencePoints="0" visitedSequencePoints="0" numBranchPoints="0" visitedBranchPoints="0" sequenceCoverage="0" branchCoverage="0" maxCyclomaticComplexity="1" minCyclomaticComplexity="1" maxCrapScore="2" minCrapScore="2" visitedClasses="0" numClasses="0" visitedMethods="0" numMethods="0" />
              <MetadataToken>100663543</MetadataToken>
              <Name>System.Void SqlBuilder.Update`1/&lt;&gt;c::.ctor()</Name>
              <SequencePoints />
              <BranchPoints />
              <MethodPoint vc="0" uspid="1630" ordinal="0" offset="0" />
            </Method>
            <Method visited="false" cyclomaticComplexity="1" nPathComplexity="0" sequenceCoverage="0" branchCoverage="0" crapScore="2" isConstructor="false" isStatic="false" isGetter="false" isSetter="false">
              <Summary numSequencePoints="1" visitedSequencePoints="0" numBranchPoints="1" visitedBranchPoints="0" sequenceCoverage="0" branchCoverage="0" maxCyclomaticComplexity="1" minCyclomaticComplexity="1" maxCrapScore="2" minCrapScore="2" visitedClasses="0" numClasses="0" visitedMethods="0" numMethods="1" />
              <MetadataToken>100663544</MetadataToken>
              <Name>System.String SqlBuilder.Update`1/&lt;&gt;c::&lt;.ctor&gt;b__0_0(SqlBuilder.Column)</Name>
              <FileRef uid="86" />
              <SequencePoints>
                <SequencePoint vc="0" uspid="1631" ordinal="0" offset="0" sl="13" sc="59" el="13" ec="65" bec="0" bev="0" fileid="86" />
              </SequencePoints>
              <BranchPoints />
              <MethodPoint xsi:type="SequencePoint" vc="0" uspid="1631" ordinal="0" offset="0" sl="13" sc="59" el="13" ec="65" bec="0" bev="0" fileid="86" />
            </Method>
            <Method visited="false" cyclomaticComplexity="1" nPathComplexity="0" sequenceCoverage="0" branchCoverage="0" crapScore="2" isConstructor="false" isStatic="false" isGetter="false" isSetter="false">
              <Summary numSequencePoints="1" visitedSequencePoints="0" numBranchPoints="1" visitedBranchPoints="0" sequenceCoverage="0" branchCoverage="0" maxCyclomaticComplexity="1" minCyclomaticComplexity="1" maxCrapScore="2" minCrapScore="2" visitedClasses="0" numClasses="0" visitedMethods="0" numMethods="1" />
              <MetadataToken>100663545</MetadataToken>
              <Name>System.String SqlBuilder.Update`1/&lt;&gt;c::&lt;.ctor&gt;b__1_0(System.Collections.Generic.KeyValuePair`2&lt;System.String,System.Object&gt;)</Name>
              <FileRef uid="86" />
              <SequencePoints>
                <SequencePoint vc="0" uspid="1632" ordinal="0" offset="0" sl="26" sc="38" el="26" ec="58" bec="0" bev="0" fileid="86" />
              </SequencePoints>
              <BranchPoints />
              <MethodPoint xsi:type="SequencePoint" vc="0" uspid="1632" ordinal="0" offset="0" sl="26" sc="38" el="26" ec="58" bec="0" bev="0" fileid="86" />
            </Method>
            <Method visited="false" cyclomaticComplexity="1" nPathComplexity="0" sequenceCoverage="0" branchCoverage="0" crapScore="2" isConstructor="false" isStatic="false" isGetter="false" isSetter="false">
              <Summary numSequencePoints="1" visitedSequencePoints="0" numBranchPoints="1" visitedBranchPoints="0" sequenceCoverage="0" branchCoverage="0" maxCyclomaticComplexity="1" minCyclomaticComplexity="1" maxCrapScore="2" minCrapScore="2" visitedClasses="0" numClasses="0" visitedMethods="0" numMethods="1" />
              <MetadataToken>100663546</MetadataToken>
              <Name>System.String SqlBuilder.Update`1/&lt;&gt;c::&lt;Sql&gt;b__2_0(System.String)</Name>
              <FileRef uid="86" />
              <SequencePoints>
                <SequencePoint vc="0" uspid="1633" ordinal="0" offset="0" sl="42" sc="65" el="42" ec="118" bec="0" bev="0" fileid="86" />
              </SequencePoints>
              <BranchPoints />
              <MethodPoint xsi:type="SequencePoint" vc="0" uspid="1633" ordinal="0" offset="0" sl="42" sc="65" el="42" ec="118" bec="0" bev="0" fileid="86" />
            </Method>
          </Methods>
        </Class>
        <Class>
          <Summary numSequencePoints="14" visitedSequencePoints="0" numBranchPoints="5" visitedBranchPoints="0" sequenceCoverage="0" branchCoverage="0" maxCyclomaticComplexity="2" minCyclomaticComplexity="1" maxCrapScore="6" minCrapScore="2" visitedClasses="0" numClasses="1" visitedMethods="0" numMethods="3" />
          <FullName>SqlBuilder.Where`1</FullName>
          <Methods>
            <Method visited="false" cyclomaticComplexity="1" nPathComplexity="0" sequenceCoverage="0" branchCoverage="0" crapScore="2" isConstructor="true" isStatic="false" isGetter="false" isSetter="false">
              <Summary numSequencePoints="4" visitedSequencePoints="0" numBranchPoints="1" visitedBranchPoints="0" sequenceCoverage="0" branchCoverage="0" maxCyclomaticComplexity="1" minCyclomaticComplexity="1" maxCrapScore="2" minCrapScore="2" visitedClasses="0" numClasses="0" visitedMethods="0" numMethods="1" />
              <MetadataToken>100663497</MetadataToken>
              <Name>System.Void SqlBuilder.Where`1::.ctor(System.String,SqlBuilder.ParameterCollection)</Name>
              <FileRef uid="88" />
              <SequencePoints>
                <SequencePoint vc="0" uspid="1634" ordinal="0" offset="0" sl="11" sc="9" el="11" ec="25" bec="0" bev="0" fileid="88" />
                <SequencePoint vc="0" uspid="1635" ordinal="1" offset="8" sl="12" sc="5" el="12" ec="6" bec="0" bev="0" fileid="88" />
                <SequencePoint vc="0" uspid="1636" ordinal="2" offset="9" sl="13" sc="7" el="13" ec="40" bec="0" bev="0" fileid="88" />
                <SequencePoint vc="0" uspid="1637" ordinal="3" offset="23" sl="14" sc="5" el="14" ec="6" bec="0" bev="0" fileid="88" />
              </SequencePoints>
              <BranchPoints />
              <MethodPoint xsi:type="SequencePoint" vc="0" uspid="1634" ordinal="0" offset="0" sl="11" sc="9" el="11" ec="25" bec="0" bev="0" fileid="88" />
            </Method>
            <Method visited="false" cyclomaticComplexity="1" nPathComplexity="0" sequenceCoverage="0" branchCoverage="0" crapScore="2" isConstructor="true" isStatic="false" isGetter="false" isSetter="false">
              <Summary numSequencePoints="3" visitedSequencePoints="0" numBranchPoints="1" visitedBranchPoints="0" sequenceCoverage="0" branchCoverage="0" maxCyclomaticComplexity="1" minCyclomaticComplexity="1" maxCrapScore="2" minCrapScore="2" visitedClasses="0" numClasses="0" visitedMethods="0" numMethods="1" />
              <MetadataToken>100663498</MetadataToken>
              <Name>System.Void SqlBuilder.Where`1::.ctor(SqlBuilder.ParameterCollection)</Name>
              <FileRef uid="88" />
              <SequencePoints>
                <SequencePoint vc="0" uspid="1638" ordinal="0" offset="0" sl="17" sc="9" el="17" ec="25" bec="0" bev="0" fileid="88" />
                <SequencePoint vc="0" uspid="1639" ordinal="1" offset="8" sl="17" sc="26" el="17" ec="27" bec="0" bev="0" fileid="88" />
                <SequencePoint vc="0" uspid="1640" ordinal="2" offset="9" sl="17" sc="28" el="17" ec="29" bec="0" bev="0" fileid="88" />
              </SequencePoints>
              <BranchPoints />
              <MethodPoint xsi:type="SequencePoint" vc="0" uspid="1638" ordinal="0" offset="0" sl="17" sc="9" el="17" ec="25" bec="0" bev="0" fileid="88" />
            </Method>
            <Method visited="false" cyclomaticComplexity="2" nPathComplexity="2" sequenceCoverage="0" branchCoverage="0" crapScore="6" isConstructor="false" isStatic="false" isGetter="false" isSetter="false">
              <Summary numSequencePoints="7" visitedSequencePoints="0" numBranchPoints="3" visitedBranchPoints="0" sequenceCoverage="0" branchCoverage="0" maxCyclomaticComplexity="2" minCyclomaticComplexity="2" maxCrapScore="6" minCrapScore="6" visitedClasses="0" numClasses="0" visitedMethods="0" numMethods="1" />
              <MetadataToken>100663499</MetadataToken>
              <Name>System.String SqlBuilder.Where`1::Sql()</Name>
              <FileRef uid="88" />
              <SequencePoints>
                <SequencePoint vc="0" uspid="1641" ordinal="0" offset="0" sl="20" sc="5" el="20" ec="6" bec="0" bev="0" fileid="88" />
                <SequencePoint vc="0" uspid="1642" ordinal="1" offset="1" sl="21" sc="7" el="21" ec="31" bec="0" bev="0" fileid="88" />
                <SequencePoint vc="0" uspid="1643" ordinal="2" offset="8" sl="23" sc="7" el="23" ec="37" bec="2" bev="0" fileid="88" />
                <SequencePoint vc="0" uspid="1644" ordinal="3" offset="18" sl="24" sc="7" el="24" ec="8" bec="0" bev="0" fileid="88" />
                <SequencePoint vc="0" uspid="1645" ordinal="4" offset="19" sl="25" sc="9" el="25" ec="21" bec="0" bev="0" fileid="88" />
                <SequencePoint vc="0" uspid="1646" ordinal="5" offset="23" sl="28" sc="7" el="28" ec="43" bec="0" bev="0" fileid="88" />
                <SequencePoint vc="0" uspid="1647" ordinal="6" offset="37" sl="29" sc="5" el="29" ec="6" bec="0" bev="0" fileid="88" />
              </SequencePoints>
              <BranchPoints>
                <BranchPoint vc="0" uspid="1648" ordinal="0" offset="16" sl="23" path="0" offsetend="18" fileid="88" />
                <BranchPoint vc="0" uspid="1649" ordinal="1" offset="16" sl="23" path="1" offsetend="23" fileid="88" />
              </BranchPoints>
              <MethodPoint xsi:type="SequencePoint" vc="0" uspid="1641" ordinal="0" offset="0" sl="20" sc="5" el="20" ec="6" bec="0" bev="0" fileid="88" />
            </Method>
          </Methods>
        </Class>
        <Class>
          <Summary numSequencePoints="14" visitedSequencePoints="0" numBranchPoints="5" visitedBranchPoints="0" sequenceCoverage="0" branchCoverage="0" maxCyclomaticComplexity="2" minCyclomaticComplexity="1" maxCrapScore="6" minCrapScore="2" visitedClasses="0" numClasses="1" visitedMethods="0" numMethods="3" />
          <FullName>SqlBuilder.Where</FullName>
          <Methods>
            <Method visited="false" cyclomaticComplexity="1" nPathComplexity="0" sequenceCoverage="0" branchCoverage="0" crapScore="2" isConstructor="true" isStatic="false" isGetter="false" isSetter="false">
              <Summary numSequencePoints="4" visitedSequencePoints="0" numBranchPoints="1" visitedBranchPoints="0" sequenceCoverage="0" branchCoverage="0" maxCyclomaticComplexity="1" minCyclomaticComplexity="1" maxCrapScore="2" minCrapScore="2" visitedClasses="0" numClasses="0" visitedMethods="0" numMethods="1" />
              <MetadataToken>100663500</MetadataToken>
              <Name>System.Void SqlBuilder.Where::.ctor(System.String,SqlBuilder.ParameterCollection)</Name>
              <FileRef uid="88" />
              <SequencePoints>
                <SequencePoint vc="0" uspid="1650" ordinal="0" offset="0" sl="35" sc="9" el="35" ec="25" bec="0" bev="0" fileid="88" />
                <SequencePoint vc="0" uspid="1651" ordinal="1" offset="8" sl="36" sc="5" el="36" ec="6" bec="0" bev="0" fileid="88" />
                <SequencePoint vc="0" uspid="1652" ordinal="2" offset="9" sl="37" sc="7" el="37" ec="40" bec="0" bev="0" fileid="88" />
                <SequencePoint vc="0" uspid="1653" ordinal="3" offset="23" sl="38" sc="5" el="38" ec="6" bec="0" bev="0" fileid="88" />
              </SequencePoints>
              <BranchPoints />
              <MethodPoint xsi:type="SequencePoint" vc="0" uspid="1650" ordinal="0" offset="0" sl="35" sc="9" el="35" ec="25" bec="0" bev="0" fileid="88" />
            </Method>
            <Method visited="false" cyclomaticComplexity="1" nPathComplexity="0" sequenceCoverage="0" branchCoverage="0" crapScore="2" isConstructor="true" isStatic="false" isGetter="false" isSetter="false">
              <Summary numSequencePoints="3" visitedSequencePoints="0" numBranchPoints="1" visitedBranchPoints="0" sequenceCoverage="0" branchCoverage="0" maxCyclomaticComplexity="1" minCyclomaticComplexity="1" maxCrapScore="2" minCrapScore="2" visitedClasses="0" numClasses="0" visitedMethods="0" numMethods="1" />
              <MetadataToken>100663501</MetadataToken>
              <Name>System.Void SqlBuilder.Where::.ctor(SqlBuilder.ParameterCollection)</Name>
              <FileRef uid="88" />
              <SequencePoints>
                <SequencePoint vc="0" uspid="1654" ordinal="0" offset="0" sl="41" sc="9" el="41" ec="25" bec="0" bev="0" fileid="88" />
                <SequencePoint vc="0" uspid="1655" ordinal="1" offset="8" sl="41" sc="26" el="41" ec="27" bec="0" bev="0" fileid="88" />
                <SequencePoint vc="0" uspid="1656" ordinal="2" offset="9" sl="41" sc="28" el="41" ec="29" bec="0" bev="0" fileid="88" />
              </SequencePoints>
              <BranchPoints />
              <MethodPoint xsi:type="SequencePoint" vc="0" uspid="1654" ordinal="0" offset="0" sl="41" sc="9" el="41" ec="25" bec="0" bev="0" fileid="88" />
            </Method>
            <Method visited="false" cyclomaticComplexity="2" nPathComplexity="2" sequenceCoverage="0" branchCoverage="0" crapScore="6" isConstructor="false" isStatic="false" isGetter="false" isSetter="false">
              <Summary numSequencePoints="7" visitedSequencePoints="0" numBranchPoints="3" visitedBranchPoints="0" sequenceCoverage="0" branchCoverage="0" maxCyclomaticComplexity="2" minCyclomaticComplexity="2" maxCrapScore="6" minCrapScore="6" visitedClasses="0" numClasses="0" visitedMethods="0" numMethods="1" />
              <MetadataToken>100663502</MetadataToken>
              <Name>System.String SqlBuilder.Where::Sql()</Name>
              <FileRef uid="88" />
              <SequencePoints>
                <SequencePoint vc="0" uspid="1657" ordinal="0" offset="0" sl="44" sc="5" el="44" ec="6" bec="0" bev="0" fileid="88" />
                <SequencePoint vc="0" uspid="1658" ordinal="1" offset="1" sl="45" sc="7" el="45" ec="31" bec="0" bev="0" fileid="88" />
                <SequencePoint vc="0" uspid="1659" ordinal="2" offset="8" sl="47" sc="7" el="47" ec="37" bec="2" bev="0" fileid="88" />
                <SequencePoint vc="0" uspid="1660" ordinal="3" offset="18" sl="48" sc="7" el="48" ec="8" bec="0" bev="0" fileid="88" />
                <SequencePoint vc="0" uspid="1661" ordinal="4" offset="19" sl="49" sc="9" el="49" ec="21" bec="0" bev="0" fileid="88" />
                <SequencePoint vc="0" uspid="1662" ordinal="5" offset="23" sl="52" sc="7" el="52" ec="43" bec="0" bev="0" fileid="88" />
                <SequencePoint vc="0" uspid="1663" ordinal="6" offset="37" sl="53" sc="5" el="53" ec="6" bec="0" bev="0" fileid="88" />
              </SequencePoints>
              <BranchPoints>
                <BranchPoint vc="0" uspid="1664" ordinal="0" offset="16" sl="47" path="0" offsetend="18" fileid="88" />
                <BranchPoint vc="0" uspid="1665" ordinal="1" offset="16" sl="47" path="1" offsetend="23" fileid="88" />
              </BranchPoints>
              <MethodPoint xsi:type="SequencePoint" vc="0" uspid="1657" ordinal="0" offset="0" sl="44" sc="5" el="44" ec="6" bec="0" bev="0" fileid="88" />
            </Method>
          </Methods>
        </Class>
        <Class>
          <Summary numSequencePoints="5" visitedSequencePoints="0" numBranchPoints="1" visitedBranchPoints="0" sequenceCoverage="0" branchCoverage="0" maxCyclomaticComplexity="1" minCyclomaticComplexity="1" maxCrapScore="2" minCrapScore="2" visitedClasses="0" numClasses="1" visitedMethods="0" numMethods="1" />
          <FullName>SqlBuilder.Attributes.OrderByAttribute</FullName>
          <Methods>
            <Method visited="false" cyclomaticComplexity="1" nPathComplexity="0" sequenceCoverage="0" branchCoverage="0" crapScore="2" isConstructor="true" isStatic="false" isGetter="false" isSetter="false">
              <Summary numSequencePoints="5" visitedSequencePoints="0" numBranchPoints="1" visitedBranchPoints="0" sequenceCoverage="0" branchCoverage="0" maxCyclomaticComplexity="1" minCyclomaticComplexity="1" maxCrapScore="2" minCrapScore="2" visitedClasses="0" numClasses="0" visitedMethods="0" numMethods="1" />
              <MetadataToken>100663503</MetadataToken>
              <Name>System.Void SqlBuilder.Attributes.OrderByAttribute::.ctor(System.Boolean)</Name>
              <FileRef uid="90" />
              <SequencePoints>
                <SequencePoint vc="0" uspid="1666" ordinal="0" offset="0" sl="13" sc="5" el="13" ec="26" bec="0" bev="0" fileid="90" />
                <SequencePoint vc="0" uspid="1667" ordinal="1" offset="7" sl="8" sc="5" el="8" ec="51" bec="0" bev="0" fileid="90" />
                <SequencePoint vc="0" uspid="1668" ordinal="2" offset="14" sl="9" sc="5" el="9" ec="6" bec="0" bev="0" fileid="90" />
                <SequencePoint vc="0" uspid="1669" ordinal="3" offset="15" sl="10" sc="7" el="10" ec="29" bec="0" bev="0" fileid="90" />
                <SequencePoint vc="0" uspid="1670" ordinal="4" offset="22" sl="11" sc="5" el="11" ec="6" bec="0" bev="0" fileid="90" />
              </SequencePoints>
              <BranchPoints />
              <MethodPoint xsi:type="SequencePoint" vc="0" uspid="1666" ordinal="0" offset="0" sl="13" sc="5" el="13" ec="26" bec="0" bev="0" fileid="90" />
            </Method>
          </Methods>
        </Class>
        <Class>
          <Summary numSequencePoints="0" visitedSequencePoints="0" numBranchPoints="0" visitedBranchPoints="0" sequenceCoverage="0" branchCoverage="0" maxCyclomaticComplexity="1" minCyclomaticComplexity="1" maxCrapScore="2" minCrapScore="2" visitedClasses="0" numClasses="0" visitedMethods="0" numMethods="0" />
          <FullName>SqlBuilder.Attributes.SqlOptionsAttribute</FullName>
          <Methods>
            <Method visited="false" cyclomaticComplexity="1" nPathComplexity="0" sequenceCoverage="0" branchCoverage="0" crapScore="2" isConstructor="true" isStatic="false" isGetter="false" isSetter="false">
              <Summary numSequencePoints="0" visitedSequencePoints="0" numBranchPoints="0" visitedBranchPoints="0" sequenceCoverage="0" branchCoverage="0" maxCyclomaticComplexity="1" minCyclomaticComplexity="1" maxCrapScore="2" minCrapScore="2" visitedClasses="0" numClasses="0" visitedMethods="0" numMethods="0" />
              <MetadataToken>100663504</MetadataToken>
              <Name>System.Void SqlBuilder.Attributes.SqlOptionsAttribute::.ctor()</Name>
              <SequencePoints />
              <BranchPoints />
              <MethodPoint vc="0" uspid="1671" ordinal="0" offset="0" />
            </Method>
          </Methods>
        </Class>
      </Classes>
      <TrackedMethods />
    </Module>
  </Modules>
</CoverageSession>